<?xml version="1.0" encoding="UTF-8"?>
<testsuites name="TS_03_ProductFamilies" time="47" tests="2" failures="1" errors="0">
   <testsuite name="TS_03_ProductFamilies" tests="2" failures="1" errors="0" time="47" timestamp="2017-12-05 18:23:52" hostname="WorkPC - WorkPC" id="Test Suites/TS_Units/TS_03_ProductFamilies">
      <properties>
         <property name="deviceName" value=""/>
         <property name="devicePlatform" value=""/>
         <property name="logFolder" value="D:\\ABB\\ABB_KatTest1\\ABB_Test_Test\\Reports\\TS_Units\\TS_03_ProductFamilies\\20171205_182105"/>
         <property name="logFiles" value="D:\\ABB\\ABB_KatTest1\\ABB_Test_Test\\Reports\\TS_Units\\TS_03_ProductFamilies\\20171205_182105\\execution0.log"/>
         <property name="attachments" value="D:\\ABB\\ABB_KatTest1\\ABB_Test_Test\\Reports\\TS_Units\\TS_03_ProductFamilies\\20171205_182105\\1512494663858.png"/>
         <property name="hostName" value="WorkPC - WorkPC"/>
         <property name="os" value="Windows 10 64bit"/>
         <property name="katalonVersion" value="5.1.0.2"/>
         <property name="browser" value="Chrome 62.0.3202.94"/>
         <property name="hostAddress" value="192.168.56.1"/>
         <property name="sessionId" value="9963c116466e6d57765e86ce7835a094"/>
         <property name="seleniumVersion" value="3.7.1"/>
         <property name="proxyInformation" value="ProxyInformation{proxyOption=NO_PROXY, proxyServerType=HTTP, password=, proxyServerAddress=, proxyServerPort=0}"/>
         <property name="platform" value="Windows 10"/>
      </properties>
      <testcase name="Test Cases/03_ProductFamilies/03a_Page_ProductFamilies-List/TC_03a1 PFList-Verifica Intestazioni" classname="Test Cases/03_ProductFamilies/03a_Page_ProductFamilies-List/TC_03a1 PFList-Verifica Intestazioni" status="PASSED">
         <system-out><![CDATA[2017-12-05 18:23:53 - [TEST_CASE][PASSED] - Test Cases/03_ProductFamilies/03a_Page_ProductFamilies-List/TC_03a1 PFList-Verifica Intestazioni: Test Cases/03_ProductFamilies/03a_Page_ProductFamilies-List/TC_03a1 PFList-Verifica Intestazioni

2017-12-05 18:23:54 - [TEST_STEP][PASSED] - callTestCase: Call Test Case 'Test Cases/utilities/TC_0c-Login Corretto - ReUse' successfully

2017-12-05 18:23:54 - [TEST_CASE][PASSED] - Test Cases/utilities/TC_0c-Login Corretto - ReUse: Test Cases/utilities/TC_0c-Login Corretto - ReUse

2017-12-05 18:23:55 - [TEST_STEP][PASSED] - callTestCase: Call Test Case 'Test Cases/utilities/TC_0b_apertura pagina di login - ReUse' successfully

2017-12-05 18:23:55 - [TEST_CASE][PASSED] - Test Cases/utilities/TC_0b_apertura pagina di login - ReUse: Test Cases/utilities/TC_0b_apertura pagina di login - ReUse

2017-12-05 18:23:55 - [TEST_STEP][PASSED] - openBrowser: Browser is opened with url: ''

2017-12-05 18:23:59 - [MESSAGE][PASSED] - Browser is opened with url: ''

2017-12-05 18:23:59 - [TEST_STEP][PASSED] - maximizeWindow: Current window maximized

2017-12-05 18:24:01 - [MESSAGE][PASSED] - Current window maximized

2017-12-05 18:24:01 - [TEST_STEP][PASSED] - navigateToUrl: Navigate to 'http://bengen' successfully

2017-12-05 18:24:01 - [MESSAGE][PASSED] - Navigate to 'http://bengen' successfully

2017-12-05 18:24:01 - [TEST_STEP][PASSED] - verifyElementPresent: Object 'Object Repository/00_Page_ABB BenGen Authentication/ABB_logo' is present

2017-12-05 18:24:01 - [MESSAGE][WARNING] - Timeout '0' is invalid. Using default page load timeout: '30'

2017-12-05 18:24:02 - [MESSAGE][PASSED] - Object 'Object Repository/00_Page_ABB BenGen Authentication/ABB_logo' is present

2017-12-05 18:24:02 - [TEST_STEP][PASSED] - verifyElementPresent: Object 'Object Repository/00_Page_ABB BenGen Authentication/input_pass' is present

2017-12-05 18:24:02 - [MESSAGE][WARNING] - Timeout '0' is invalid. Using default page load timeout: '30'

2017-12-05 18:24:02 - [MESSAGE][PASSED] - Object 'Object Repository/00_Page_ABB BenGen Authentication/input_pass' is present

2017-12-05 18:24:02 - [TEST_STEP][PASSED] - verifyElementPresent: Object 'Object Repository/00_Page_ABB BenGen Authentication/input_user' is present

2017-12-05 18:24:02 - [MESSAGE][WARNING] - Timeout '0' is invalid. Using default page load timeout: '30'

2017-12-05 18:24:02 - [MESSAGE][PASSED] - Object 'Object Repository/00_Page_ABB BenGen Authentication/input_user' is present

2017-12-05 18:24:02 - [TEST_STEP][PASSED] - verifyElementPresent: Object 'Object Repository/00_Page_ABB BenGen Authentication/button_Login' is present

2017-12-05 18:24:02 - [MESSAGE][WARNING] - Timeout '0' is invalid. Using default page load timeout: '30'

2017-12-05 18:24:02 - [MESSAGE][PASSED] - Object 'Object Repository/00_Page_ABB BenGen Authentication/button_Login' is present

2017-12-05 18:24:02 - [MESSAGE][PASSED] - Call Test Case 'Test Cases/utilities/TC_0b_apertura pagina di login - ReUse' successfully

2017-12-05 18:24:02 - [TEST_STEP][PASSED] - setText: Text 'admin@admin.it' is set on object 'Object Repository/00_Page_ABB BenGen Authentication/input_user'

2017-12-05 18:24:02 - [MESSAGE][PASSED] - Text 'admin@admin.it' is set on object 'Object Repository/00_Page_ABB BenGen Authentication/input_user'

2017-12-05 18:24:02 - [TEST_STEP][PASSED] - setText: Text 'admin' is set on object 'Object Repository/00_Page_ABB BenGen Authentication/input_pass'

2017-12-05 18:24:02 - [MESSAGE][PASSED] - Text 'admin' is set on object 'Object Repository/00_Page_ABB BenGen Authentication/input_pass'

2017-12-05 18:24:02 - [TEST_STEP][PASSED] - click: Object: 'Object Repository/00_Page_ABB BenGen Authentication/button_Login' is clicked on

2017-12-05 18:24:03 - [MESSAGE][PASSED] - Object: 'Object Repository/00_Page_ABB BenGen Authentication/button_Login' is clicked on

2017-12-05 18:24:03 - [TEST_STEP][PASSED] - waitForElementPresent: Object 'Object Repository/00_Page_Aurora Vision BenGen/a_Aurora Vision Backoffice' is present

2017-12-05 18:24:05 - [MESSAGE][PASSED] - Object 'Object Repository/00_Page_Aurora Vision BenGen/a_Aurora Vision Backoffice' is present

2017-12-05 18:24:05 - [TEST_STEP][PASSED] - Statement - selfWindowTitle = com.kms.katalon.core.webui.keyword.WebUiBuiltInKeywords.getWindowTitle(): Current window's title is: 'Aurora Vision BenGen'

2017-12-05 18:24:06 - [MESSAGE][PASSED] - Current window's title is: 'Aurora Vision BenGen'

2017-12-05 18:24:06 - [TEST_STEP][PASSED] - verifyEqual: Actual object 'Aurora Vision BenGen' and expected object 'Aurora Vision BenGen' are equal

2017-12-05 18:24:06 - [MESSAGE][PASSED] - Actual object 'Aurora Vision BenGen' and expected object 'Aurora Vision BenGen' are equal

2017-12-05 18:24:06 - [MESSAGE][PASSED] - Call Test Case 'Test Cases/utilities/TC_0c-Login Corretto - ReUse' successfully

2017-12-05 18:24:06 - [TEST_STEP][PASSED] - Statement - viewPort = com.kms.katalon.core.webui.keyword.WebUiBuiltInKeywords.getViewportWidth(): Viewport width is 1366

2017-12-05 18:24:06 - [MESSAGE][PASSED] - Viewport width is 1366

2017-12-05 18:24:06 - [TEST_STEP][PASSED] - Statement - If (viewPort < 1400): Object: 'Object Repository/00_Page_MenuCheck/MenuResponsiveArrow' is clicked on

2017-12-05 18:24:06 - [TEST_STEP][PASSED] - click: Object: 'Object Repository/00_Page_MenuCheck/MenuResponsiveArrow' is clicked on

2017-12-05 18:24:06 - [MESSAGE][PASSED] - Object: 'Object Repository/00_Page_MenuCheck/MenuResponsiveArrow' is clicked on

2017-12-05 18:24:06 - [TEST_STEP][PASSED] - focus: Object: 'Object Repository/00_Page_MenuCheck/NavArrows/ProdLinesArrow_opn' is focused

2017-12-05 18:24:06 - [MESSAGE][PASSED] - Object: 'Object Repository/00_Page_MenuCheck/NavArrows/ProdLinesArrow_opn' is focused

2017-12-05 18:24:06 - [TEST_STEP][PASSED] - click: Object: 'Object Repository/00_Page_MenuCheck/NavArrows/ProdLinesArrow_opn' is clicked on

2017-12-05 18:24:06 - [MESSAGE][PASSED] - Object: 'Object Repository/00_Page_MenuCheck/NavArrows/ProdLinesArrow_opn' is clicked on

2017-12-05 18:24:06 - [TEST_STEP][PASSED] - focus: Object: 'Object Repository/00_Page_MenuCheck/NavArrows/ProdFamsArrow_cls' is focused

2017-12-05 18:24:06 - [MESSAGE][PASSED] - Object: 'Object Repository/00_Page_MenuCheck/NavArrows/ProdFamsArrow_cls' is focused

2017-12-05 18:24:06 - [TEST_STEP][PASSED] - click: Object: 'Object Repository/00_Page_MenuCheck/NavArrows/ProdFamsArrow_cls' is clicked on

2017-12-05 18:24:06 - [MESSAGE][PASSED] - Object: 'Object Repository/00_Page_MenuCheck/NavArrows/ProdFamsArrow_cls' is clicked on

2017-12-05 18:24:06 - [TEST_STEP][PASSED] - click: Object: 'Object Repository/00_Page_MenuCheck/VociMenu/04a_ProductFamilies_List' is clicked on

2017-12-05 18:24:07 - [MESSAGE][PASSED] - Object: 'Object Repository/00_Page_MenuCheck/VociMenu/04a_ProductFamilies_List' is clicked on

2017-12-05 18:24:07 - [TEST_STEP][PASSED] - verifyElementPresent: Object 'Object Repository/03_Page_ProductFamilies/03a_Page_ProductFamilies_List/Intestazioni/01_Product Families_title' is present

2017-12-05 18:24:07 - [MESSAGE][PASSED] - Object 'Object Repository/03_Page_ProductFamilies/03a_Page_ProductFamilies_List/Intestazioni/01_Product Families_title' is present

2017-12-05 18:24:07 - [TEST_STEP][PASSED] - verifyElementText: Actual text and expected text of test object 'Object Repository/03_Page_ProductFamilies/03a_Page_ProductFamilies_List/Intestazioni/01_Product Families_title' are matched.

2017-12-05 18:24:09 - [MESSAGE][PASSED] - Actual text and expected text of test object 'Object Repository/03_Page_ProductFamilies/03a_Page_ProductFamilies_List/Intestazioni/01_Product Families_title' are matched.

2017-12-05 18:24:09 - [TEST_STEP][PASSED] - verifyElementPresent: Object 'Object Repository/03_Page_ProductFamilies/03a_Page_ProductFamilies_List/Intestazioni/02_ID' is present

2017-12-05 18:24:09 - [MESSAGE][PASSED] - Object 'Object Repository/03_Page_ProductFamilies/03a_Page_ProductFamilies_List/Intestazioni/02_ID' is present

2017-12-05 18:24:09 - [TEST_STEP][PASSED] - verifyElementText: Actual text and expected text of test object 'Object Repository/03_Page_ProductFamilies/03a_Page_ProductFamilies_List/Intestazioni/02_ID' are matched.

2017-12-05 18:24:09 - [MESSAGE][PASSED] - Actual text and expected text of test object 'Object Repository/03_Page_ProductFamilies/03a_Page_ProductFamilies_List/Intestazioni/02_ID' are matched.

2017-12-05 18:24:09 - [TEST_STEP][PASSED] - verifyElementPresent: Object 'Object Repository/03_Page_ProductFamilies/03a_Page_ProductFamilies_List/Intestazioni/03_Name Select' is present

2017-12-05 18:24:09 - [MESSAGE][PASSED] - Object 'Object Repository/03_Page_ProductFamilies/03a_Page_ProductFamilies_List/Intestazioni/03_Name Select' is present

2017-12-05 18:24:09 - [TEST_STEP][PASSED] - verifyElementText: Actual text and expected text of test object 'Object Repository/03_Page_ProductFamilies/03a_Page_ProductFamilies_List/Intestazioni/03_Name Select' are matched.

2017-12-05 18:24:09 - [MESSAGE][PASSED] - Actual text and expected text of test object 'Object Repository/03_Page_ProductFamilies/03a_Page_ProductFamilies_List/Intestazioni/03_Name Select' are matched.

2017-12-05 18:24:09 - [TEST_STEP][PASSED] - verifyElementPresent: Object 'Object Repository/03_Page_ProductFamilies/03a_Page_ProductFamilies_List/Intestazioni/04_ReferencePartNumber' is present

2017-12-05 18:24:09 - [MESSAGE][PASSED] - Object 'Object Repository/03_Page_ProductFamilies/03a_Page_ProductFamilies_List/Intestazioni/04_ReferencePartNumber' is present

2017-12-05 18:24:09 - [TEST_STEP][PASSED] - verifyElementText: Actual text and expected text of test object 'Object Repository/03_Page_ProductFamilies/03a_Page_ProductFamilies_List/Intestazioni/04_ReferencePartNumber' are matched.

2017-12-05 18:24:09 - [MESSAGE][PASSED] - Actual text and expected text of test object 'Object Repository/03_Page_ProductFamilies/03a_Page_ProductFamilies_List/Intestazioni/04_ReferencePartNumber' are matched.

2017-12-05 18:24:09 - [TEST_STEP][PASSED] - verifyElementPresent: Object 'Object Repository/03_Page_ProductFamilies/03a_Page_ProductFamilies_List/Intestazioni/05_th_Type' is present

2017-12-05 18:24:09 - [MESSAGE][PASSED] - Object 'Object Repository/03_Page_ProductFamilies/03a_Page_ProductFamilies_List/Intestazioni/05_th_Type' is present

2017-12-05 18:24:09 - [TEST_STEP][PASSED] - verifyElementText: Actual text and expected text of test object 'Object Repository/03_Page_ProductFamilies/03a_Page_ProductFamilies_List/Intestazioni/05_th_Type' are matched.

2017-12-05 18:24:10 - [MESSAGE][PASSED] - Actual text and expected text of test object 'Object Repository/03_Page_ProductFamilies/03a_Page_ProductFamilies_List/Intestazioni/05_th_Type' are matched.

2017-12-05 18:24:10 - [TEST_STEP][PASSED] - verifyElementPresent: Object 'Object Repository/03_Page_ProductFamilies/03a_Page_ProductFamilies_List/Intestazioni/06_th_Product Line Name' is present

2017-12-05 18:24:10 - [MESSAGE][PASSED] - Object 'Object Repository/03_Page_ProductFamilies/03a_Page_ProductFamilies_List/Intestazioni/06_th_Product Line Name' is present

2017-12-05 18:24:10 - [TEST_STEP][PASSED] - verifyElementText: Actual text and expected text of test object 'Object Repository/03_Page_ProductFamilies/03a_Page_ProductFamilies_List/Intestazioni/06_th_Product Line Name' are matched.

2017-12-05 18:24:10 - [MESSAGE][PASSED] - Actual text and expected text of test object 'Object Repository/03_Page_ProductFamilies/03a_Page_ProductFamilies_List/Intestazioni/06_th_Product Line Name' are matched.

2017-12-05 18:24:10 - [TEST_STEP][PASSED] - verifyElementPresent: Object 'Object Repository/03_Page_ProductFamilies/03a_Page_ProductFamilies_List/Intestazioni/07_SelectModels' is present

2017-12-05 18:24:10 - [MESSAGE][PASSED] - Object 'Object Repository/03_Page_ProductFamilies/03a_Page_ProductFamilies_List/Intestazioni/07_SelectModels' is present

2017-12-05 18:24:10 - [TEST_STEP][PASSED] - verifyElementText: Actual text and expected text of test object 'Object Repository/03_Page_ProductFamilies/03a_Page_ProductFamilies_List/Intestazioni/07_SelectModels' are matched.

2017-12-05 18:24:10 - [MESSAGE][PASSED] - Actual text and expected text of test object 'Object Repository/03_Page_ProductFamilies/03a_Page_ProductFamilies_List/Intestazioni/07_SelectModels' are matched.]]></system-out>
         <system-err><![CDATA[]]></system-err>
      </testcase>
      <testcase name="Test Cases/03_ProductFamilies/03a_Page_ProductFamilies-List/TC_03a2 PFList-Verifica Select Name" classname="Test Cases/03_ProductFamilies/03a_Page_ProductFamilies-List/TC_03a2 PFList-Verifica Select Name" status="FAILED">
         <failure type="FAILED" message="Unable to click on object 'Object Repository/03_Page_ProductFamilies/03a_Page_ProductFamilies_List/NameSelectOptions/div_Evo U' (Root cause: org.openqa.selenium.WebDriverException: unknown error: Element &lt;div class=&quot;md-text ng-binding&quot;>...&lt;/div> is not clickable at point (18, 10). Other element would receive the click: &lt;label class=&quot;menu-icon&quot; for=&quot;menu-btn&quot;>...&lt;/label>
  (Session info: chrome=62.0.3202.94)
  (Driver info: chromedriver=2.33.506120 (e3e53437346286c0bc2d2dc9aa4915ba81d9023f),platform=Windows NT 10.0.15063 x86_64) (WARNING: The server did not provide any stacktrace information)
Command duration or timeout: 0 milliseconds
Build info: version: '3.7.1', revision: '8a0099a', time: '2017-11-06T21:07:36.161Z'
System info: host: 'WORKPC', ip: '192.168.56.1', os.name: 'Windows 10', os.arch: 'amd64', os.version: '10.0', java.version: '1.8.0_102'
Driver info: com.kms.katalon.selenium.driver.CChromeDriver
Capabilities {acceptSslCerts: true, applicationCacheEnabled: false, browserConnectionEnabled: false, browserName: chrome, chrome: {chromedriverVersion: 2.33.506120 (e3e53437346286..., userDataDir: C:\Users\WorkPC\AppData\Loc...}, cssSelectorsEnabled: true, databaseEnabled: false, handlesAlerts: true, hasTouchScreen: false, javascriptEnabled: true, locationContextEnabled: true, mobileEmulationEnabled: false, nativeEvents: true, networkConnectionEnabled: false, pageLoadStrategy: normal, platform: XP, platformName: XP, rotatable: false, setWindowRect: true, takesHeapSnapshot: true, takesScreenshot: true, unexpectedAlertBehaviour: , unhandledPromptBehavior: , version: 62.0.3202.94, webStorageEnabled: true}
Session ID: a02aa6eddee940a660ef91535fb06f17)"/>
         <system-out><![CDATA[2017-12-05 18:24:10 - [TEST_CASE][FAILED] - Test Cases/03_ProductFamilies/03a_Page_ProductFamilies-List/TC_03a2 PFList-Verifica Select Name: Test Cases/03_ProductFamilies/03a_Page_ProductFamilies-List/TC_03a2 PFList-Verifica Select Name FAILED because (of) Unable to click on object 'Object Repository/03_Page_ProductFamilies/03a_Page_ProductFamilies_List/NameSelectOptions/div_Evo U' (Root cause: org.openqa.selenium.WebDriverException: unknown error: Element <div class="md-text ng-binding">...</div> is not clickable at point (18, 10). Other element would receive the click: <label class="menu-icon" for="menu-btn">...</label>
  (Session info: chrome=62.0.3202.94)
  (Driver info: chromedriver=2.33.506120 (e3e53437346286c0bc2d2dc9aa4915ba81d9023f),platform=Windows NT 10.0.15063 x86_64) (WARNING: The server did not provide any stacktrace information)
Command duration or timeout: 0 milliseconds
Build info: version: '3.7.1', revision: '8a0099a', time: '2017-11-06T21:07:36.161Z'
System info: host: 'WORKPC', ip: '192.168.56.1', os.name: 'Windows 10', os.arch: 'amd64', os.version: '10.0', java.version: '1.8.0_102'
Driver info: com.kms.katalon.selenium.driver.CChromeDriver
Capabilities {acceptSslCerts: true, applicationCacheEnabled: false, browserConnectionEnabled: false, browserName: chrome, chrome: {chromedriverVersion: 2.33.506120 (e3e53437346286..., userDataDir: C:\Users\WorkPC\AppData\Loc...}, cssSelectorsEnabled: true, databaseEnabled: false, handlesAlerts: true, hasTouchScreen: false, javascriptEnabled: true, locationContextEnabled: true, mobileEmulationEnabled: false, nativeEvents: true, networkConnectionEnabled: false, pageLoadStrategy: normal, platform: XP, platformName: XP, rotatable: false, setWindowRect: true, takesHeapSnapshot: true, takesScreenshot: true, unexpectedAlertBehaviour: , unhandledPromptBehavior: , version: 62.0.3202.94, webStorageEnabled: true}
Session ID: a02aa6eddee940a660ef91535fb06f17)

2017-12-05 18:24:11 - [TEST_STEP][PASSED] - callTestCase: Call Test Case 'Test Cases/utilities/TC_0c-Login Corretto - ReUse' successfully

2017-12-05 18:24:11 - [TEST_CASE][PASSED] - Test Cases/utilities/TC_0c-Login Corretto - ReUse: Test Cases/utilities/TC_0c-Login Corretto - ReUse

2017-12-05 18:24:11 - [TEST_STEP][PASSED] - callTestCase: Call Test Case 'Test Cases/utilities/TC_0b_apertura pagina di login - ReUse' successfully

2017-12-05 18:24:11 - [TEST_CASE][PASSED] - Test Cases/utilities/TC_0b_apertura pagina di login - ReUse: Test Cases/utilities/TC_0b_apertura pagina di login - ReUse

2017-12-05 18:24:11 - [TEST_STEP][PASSED] - openBrowser: Browser is opened with url: ''

2017-12-05 18:24:11 - [MESSAGE][WARNING] - A browser is already opened. Closing browser and opening a new one

2017-12-05 18:24:14 - [MESSAGE][PASSED] - Browser is opened with url: ''

2017-12-05 18:24:14 - [TEST_STEP][PASSED] - maximizeWindow: Current window maximized

2017-12-05 18:24:15 - [MESSAGE][PASSED] - Current window maximized

2017-12-05 18:24:15 - [TEST_STEP][PASSED] - navigateToUrl: Navigate to 'http://bengen' successfully

2017-12-05 18:24:16 - [MESSAGE][PASSED] - Navigate to 'http://bengen' successfully

2017-12-05 18:24:16 - [TEST_STEP][PASSED] - verifyElementPresent: Object 'Object Repository/00_Page_ABB BenGen Authentication/ABB_logo' is present

2017-12-05 18:24:16 - [MESSAGE][WARNING] - Timeout '0' is invalid. Using default page load timeout: '30'

2017-12-05 18:24:16 - [MESSAGE][PASSED] - Object 'Object Repository/00_Page_ABB BenGen Authentication/ABB_logo' is present

2017-12-05 18:24:16 - [TEST_STEP][PASSED] - verifyElementPresent: Object 'Object Repository/00_Page_ABB BenGen Authentication/input_pass' is present

2017-12-05 18:24:16 - [MESSAGE][WARNING] - Timeout '0' is invalid. Using default page load timeout: '30'

2017-12-05 18:24:16 - [MESSAGE][PASSED] - Object 'Object Repository/00_Page_ABB BenGen Authentication/input_pass' is present

2017-12-05 18:24:16 - [TEST_STEP][PASSED] - verifyElementPresent: Object 'Object Repository/00_Page_ABB BenGen Authentication/input_user' is present

2017-12-05 18:24:16 - [MESSAGE][WARNING] - Timeout '0' is invalid. Using default page load timeout: '30'

2017-12-05 18:24:16 - [MESSAGE][PASSED] - Object 'Object Repository/00_Page_ABB BenGen Authentication/input_user' is present

2017-12-05 18:24:16 - [TEST_STEP][PASSED] - verifyElementPresent: Object 'Object Repository/00_Page_ABB BenGen Authentication/button_Login' is present

2017-12-05 18:24:16 - [MESSAGE][WARNING] - Timeout '0' is invalid. Using default page load timeout: '30'

2017-12-05 18:24:16 - [MESSAGE][PASSED] - Object 'Object Repository/00_Page_ABB BenGen Authentication/button_Login' is present

2017-12-05 18:24:16 - [MESSAGE][PASSED] - Call Test Case 'Test Cases/utilities/TC_0b_apertura pagina di login - ReUse' successfully

2017-12-05 18:24:16 - [TEST_STEP][PASSED] - setText: Text 'admin@admin.it' is set on object 'Object Repository/00_Page_ABB BenGen Authentication/input_user'

2017-12-05 18:24:16 - [MESSAGE][PASSED] - Text 'admin@admin.it' is set on object 'Object Repository/00_Page_ABB BenGen Authentication/input_user'

2017-12-05 18:24:16 - [TEST_STEP][PASSED] - setText: Text 'admin' is set on object 'Object Repository/00_Page_ABB BenGen Authentication/input_pass'

2017-12-05 18:24:16 - [MESSAGE][PASSED] - Text 'admin' is set on object 'Object Repository/00_Page_ABB BenGen Authentication/input_pass'

2017-12-05 18:24:16 - [TEST_STEP][PASSED] - click: Object: 'Object Repository/00_Page_ABB BenGen Authentication/button_Login' is clicked on

2017-12-05 18:24:17 - [MESSAGE][PASSED] - Object: 'Object Repository/00_Page_ABB BenGen Authentication/button_Login' is clicked on

2017-12-05 18:24:17 - [TEST_STEP][PASSED] - waitForElementPresent: Object 'Object Repository/00_Page_Aurora Vision BenGen/a_Aurora Vision Backoffice' is present

2017-12-05 18:24:20 - [MESSAGE][PASSED] - Object 'Object Repository/00_Page_Aurora Vision BenGen/a_Aurora Vision Backoffice' is present

2017-12-05 18:24:20 - [TEST_STEP][PASSED] - Statement - selfWindowTitle = com.kms.katalon.core.webui.keyword.WebUiBuiltInKeywords.getWindowTitle(): Current window's title is: 'Aurora Vision BenGen'

2017-12-05 18:24:20 - [MESSAGE][PASSED] - Current window's title is: 'Aurora Vision BenGen'

2017-12-05 18:24:20 - [TEST_STEP][PASSED] - verifyEqual: Actual object 'Aurora Vision BenGen' and expected object 'Aurora Vision BenGen' are equal

2017-12-05 18:24:20 - [MESSAGE][PASSED] - Actual object 'Aurora Vision BenGen' and expected object 'Aurora Vision BenGen' are equal

2017-12-05 18:24:20 - [MESSAGE][PASSED] - Call Test Case 'Test Cases/utilities/TC_0c-Login Corretto - ReUse' successfully

2017-12-05 18:24:20 - [TEST_STEP][PASSED] - Statement - viewPort = com.kms.katalon.core.webui.keyword.WebUiBuiltInKeywords.getViewportWidth(): Viewport width is 1366

2017-12-05 18:24:20 - [MESSAGE][PASSED] - Viewport width is 1366

2017-12-05 18:24:20 - [TEST_STEP][PASSED] - Statement - If (viewPort < 1400): Object: 'Object Repository/00_Page_MenuCheck/MenuResponsiveArrow' is clicked on

2017-12-05 18:24:20 - [TEST_STEP][PASSED] - click: Object: 'Object Repository/00_Page_MenuCheck/MenuResponsiveArrow' is clicked on

2017-12-05 18:24:20 - [MESSAGE][PASSED] - Object: 'Object Repository/00_Page_MenuCheck/MenuResponsiveArrow' is clicked on

2017-12-05 18:24:20 - [TEST_STEP][PASSED] - focus: Object: 'Object Repository/00_Page_MenuCheck/NavArrows/ProdLinesArrow_opn' is focused

2017-12-05 18:24:20 - [MESSAGE][PASSED] - Object: 'Object Repository/00_Page_MenuCheck/NavArrows/ProdLinesArrow_opn' is focused

2017-12-05 18:24:20 - [TEST_STEP][PASSED] - click: Object: 'Object Repository/00_Page_MenuCheck/NavArrows/ProdLinesArrow_opn' is clicked on

2017-12-05 18:24:21 - [MESSAGE][PASSED] - Object: 'Object Repository/00_Page_MenuCheck/NavArrows/ProdLinesArrow_opn' is clicked on

2017-12-05 18:24:21 - [TEST_STEP][PASSED] - focus: Object: 'Object Repository/00_Page_MenuCheck/NavArrows/ProdFamsArrow_cls' is focused

2017-12-05 18:24:21 - [MESSAGE][PASSED] - Object: 'Object Repository/00_Page_MenuCheck/NavArrows/ProdFamsArrow_cls' is focused

2017-12-05 18:24:21 - [TEST_STEP][PASSED] - click: Object: 'Object Repository/00_Page_MenuCheck/NavArrows/ProdFamsArrow_cls' is clicked on

2017-12-05 18:24:21 - [MESSAGE][PASSED] - Object: 'Object Repository/00_Page_MenuCheck/NavArrows/ProdFamsArrow_cls' is clicked on

2017-12-05 18:24:21 - [TEST_STEP][PASSED] - click: Object: 'Object Repository/00_Page_MenuCheck/VociMenu/04a_ProductFamilies_List' is clicked on

2017-12-05 18:24:21 - [MESSAGE][PASSED] - Object: 'Object Repository/00_Page_MenuCheck/VociMenu/04a_ProductFamilies_List' is clicked on

2017-12-05 18:24:21 - [TEST_STEP][PASSED] - click: Object: 'Object Repository/03_Page_ProductFamilies/03a_Page_ProductFamilies_List/NameSelectOptions/02_Select' is clicked on

2017-12-05 18:24:22 - [MESSAGE][PASSED] - Object: 'Object Repository/03_Page_ProductFamilies/03a_Page_ProductFamilies_List/NameSelectOptions/02_Select' is clicked on

2017-12-05 18:24:22 - [TEST_STEP][PASSED] - click: Object: 'Object Repository/03_Page_ProductFamilies/03a_Page_ProductFamilies_List/NameSelectOptions/div_CENTRAL-CORE' is clicked on

2017-12-05 18:24:22 - [MESSAGE][PASSED] - Object: 'Object Repository/03_Page_ProductFamilies/03a_Page_ProductFamilies_List/NameSelectOptions/div_CENTRAL-CORE' is clicked on

2017-12-05 18:24:22 - [TEST_STEP][PASSED] - click: Object: 'Object Repository/03_Page_ProductFamilies/03a_Page_ProductFamilies_List/NameSelectOptions/SelectArrow' is clicked on

2017-12-05 18:24:23 - [MESSAGE][PASSED] - Object: 'Object Repository/03_Page_ProductFamilies/03a_Page_ProductFamilies_List/NameSelectOptions/SelectArrow' is clicked on

2017-12-05 18:24:23 - [TEST_STEP][PASSED] - click: Object: 'Object Repository/03_Page_ProductFamilies/03a_Page_ProductFamilies_List/NameSelectOptions/div_Evo A' is clicked on

2017-12-05 18:24:23 - [MESSAGE][PASSED] - Object: 'Object Repository/03_Page_ProductFamilies/03a_Page_ProductFamilies_List/NameSelectOptions/div_Evo A' is clicked on

2017-12-05 18:24:23 - [TEST_STEP][PASSED] - click: Object: 'Object Repository/03_Page_ProductFamilies/03a_Page_ProductFamilies_List/NameSelectOptions/SelectArrow' is clicked on

2017-12-05 18:24:23 - [MESSAGE][PASSED] - Object: 'Object Repository/03_Page_ProductFamilies/03a_Page_ProductFamilies_List/NameSelectOptions/SelectArrow' is clicked on

2017-12-05 18:24:23 - [TEST_STEP][FAILED] - click: Unable to click on object 'Object Repository/03_Page_ProductFamilies/03a_Page_ProductFamilies_List/NameSelectOptions/div_Evo U' (Root cause: org.openqa.selenium.WebDriverException: unknown error: Element <div class="md-text ng-binding">...</div> is not clickable at point (18, 10). Other element would receive the click: <label class="menu-icon" for="menu-btn">...</label>
  (Session info: chrome=62.0.3202.94)
  (Driver info: chromedriver=2.33.506120 (e3e53437346286c0bc2d2dc9aa4915ba81d9023f),platform=Windows NT 10.0.15063 x86_64) (WARNING: The server did not provide any stacktrace information)
Command duration or timeout: 0 milliseconds
Build info: version: '3.7.1', revision: '8a0099a', time: '2017-11-06T21:07:36.161Z'
System info: host: 'WORKPC', ip: '192.168.56.1', os.name: 'Windows 10', os.arch: 'amd64', os.version: '10.0', java.version: '1.8.0_102'
Driver info: com.kms.katalon.selenium.driver.CChromeDriver
Capabilities {acceptSslCerts: true, applicationCacheEnabled: false, browserConnectionEnabled: false, browserName: chrome, chrome: {chromedriverVersion: 2.33.506120 (e3e53437346286..., userDataDir: C:\Users\WorkPC\AppData\Loc...}, cssSelectorsEnabled: true, databaseEnabled: false, handlesAlerts: true, hasTouchScreen: false, javascriptEnabled: true, locationContextEnabled: true, mobileEmulationEnabled: false, nativeEvents: true, networkConnectionEnabled: false, pageLoadStrategy: normal, platform: XP, platformName: XP, rotatable: false, setWindowRect: true, takesHeapSnapshot: true, takesScreenshot: true, unexpectedAlertBehaviour: , unhandledPromptBehavior: , version: 62.0.3202.94, webStorageEnabled: true}
Session ID: a02aa6eddee940a660ef91535fb06f17)

2017-12-05 18:24:24 - [MESSAGE][FAILED] - Unable to click on object 'Object Repository/03_Page_ProductFamilies/03a_Page_ProductFamilies_List/NameSelectOptions/div_Evo U' (Root cause: org.openqa.selenium.WebDriverException: unknown error: Element <div class="md-text ng-binding">...</div> is not clickable at point (18, 10). Other element would receive the click: <label class="menu-icon" for="menu-btn">...</label>
  (Session info: chrome=62.0.3202.94)
  (Driver info: chromedriver=2.33.506120 (e3e53437346286c0bc2d2dc9aa4915ba81d9023f),platform=Windows NT 10.0.15063 x86_64) (WARNING: The server did not provide any stacktrace information)
Command duration or timeout: 0 milliseconds
Build info: version: '3.7.1', revision: '8a0099a', time: '2017-11-06T21:07:36.161Z'
System info: host: 'WORKPC', ip: '192.168.56.1', os.name: 'Windows 10', os.arch: 'amd64', os.version: '10.0', java.version: '1.8.0_102'
Driver info: com.kms.katalon.selenium.driver.CChromeDriver
Capabilities {acceptSslCerts: true, applicationCacheEnabled: false, browserConnectionEnabled: false, browserName: chrome, chrome: {chromedriverVersion: 2.33.506120 (e3e53437346286..., userDataDir: C:\Users\WorkPC\AppData\Loc...}, cssSelectorsEnabled: true, databaseEnabled: false, handlesAlerts: true, hasTouchScreen: false, javascriptEnabled: true, locationContextEnabled: true, mobileEmulationEnabled: false, nativeEvents: true, networkConnectionEnabled: false, pageLoadStrategy: normal, platform: XP, platformName: XP, rotatable: false, setWindowRect: true, takesHeapSnapshot: true, takesScreenshot: true, unexpectedAlertBehaviour: , unhandledPromptBehavior: , version: 62.0.3202.94, webStorageEnabled: true}
Session ID: a02aa6eddee940a660ef91535fb06f17)
[[ATTACHMENT|D:\\ABB\\ABB_KatTest1\\ABB_Test_Test\\Reports\\TS_Units\\TS_03_ProductFamilies\\20171205_182105\\1512494663858.png]]]]></system-out>
         <system-err><![CDATA[2017-12-05 18:24:10 - [TEST_CASE][FAILED] - Test Cases/03_ProductFamilies/03a_Page_ProductFamilies-List/TC_03a2 PFList-Verifica Select Name: Test Cases/03_ProductFamilies/03a_Page_ProductFamilies-List/TC_03a2 PFList-Verifica Select Name FAILED because (of) Unable to click on object 'Object Repository/03_Page_ProductFamilies/03a_Page_ProductFamilies_List/NameSelectOptions/div_Evo U' (Root cause: org.openqa.selenium.WebDriverException: unknown error: Element <div class="md-text ng-binding">...</div> is not clickable at point (18, 10). Other element would receive the click: <label class="menu-icon" for="menu-btn">...</label>
  (Session info: chrome=62.0.3202.94)
  (Driver info: chromedriver=2.33.506120 (e3e53437346286c0bc2d2dc9aa4915ba81d9023f),platform=Windows NT 10.0.15063 x86_64) (WARNING: The server did not provide any stacktrace information)
Command duration or timeout: 0 milliseconds
Build info: version: '3.7.1', revision: '8a0099a', time: '2017-11-06T21:07:36.161Z'
System info: host: 'WORKPC', ip: '192.168.56.1', os.name: 'Windows 10', os.arch: 'amd64', os.version: '10.0', java.version: '1.8.0_102'
Driver info: com.kms.katalon.selenium.driver.CChromeDriver
Capabilities {acceptSslCerts: true, applicationCacheEnabled: false, browserConnectionEnabled: false, browserName: chrome, chrome: {chromedriverVersion: 2.33.506120 (e3e53437346286..., userDataDir: C:\Users\WorkPC\AppData\Loc...}, cssSelectorsEnabled: true, databaseEnabled: false, handlesAlerts: true, hasTouchScreen: false, javascriptEnabled: true, locationContextEnabled: true, mobileEmulationEnabled: false, nativeEvents: true, networkConnectionEnabled: false, pageLoadStrategy: normal, platform: XP, platformName: XP, rotatable: false, setWindowRect: true, takesHeapSnapshot: true, takesScreenshot: true, unexpectedAlertBehaviour: , unhandledPromptBehavior: , version: 62.0.3202.94, webStorageEnabled: true}
Session ID: a02aa6eddee940a660ef91535fb06f17)]]></system-err>
      </testcase>
      <testcase name="Test Cases/03_ProductFamilies/03b_ProductFamiliesDatasheet/TC_03b1 PFDatasheet-Verifica Intestazioni" classname="Test Cases/03_ProductFamilies/03b_ProductFamiliesDatasheet/TC_03b1 PFDatasheet-Verifica Intestazioni" status="PASSED">
         <system-out><![CDATA[2017-12-05 18:24:24 - [TEST_CASE][PASSED] - Test Cases/03_ProductFamilies/03b_ProductFamiliesDatasheet/TC_03b1 PFDatasheet-Verifica Intestazioni: Test Cases/03_ProductFamilies/03b_ProductFamiliesDatasheet/TC_03b1 PFDatasheet-Verifica Intestazioni

2017-12-05 18:24:24 - [TEST_STEP][PASSED] - callTestCase: Call Test Case 'Test Cases/utilities/TC_0c-Login Corretto - ReUse' successfully

2017-12-05 18:24:24 - [TEST_CASE][PASSED] - Test Cases/utilities/TC_0c-Login Corretto - ReUse: Test Cases/utilities/TC_0c-Login Corretto - ReUse

2017-12-05 18:24:24 - [TEST_STEP][PASSED] - callTestCase: Call Test Case 'Test Cases/utilities/TC_0b_apertura pagina di login - ReUse' successfully

2017-12-05 18:24:24 - [TEST_CASE][PASSED] - Test Cases/utilities/TC_0b_apertura pagina di login - ReUse: Test Cases/utilities/TC_0b_apertura pagina di login - ReUse

2017-12-05 18:24:25 - [TEST_STEP][PASSED] - openBrowser: Browser is opened with url: ''

2017-12-05 18:24:25 - [MESSAGE][WARNING] - A browser is already opened. Closing browser and opening a new one

2017-12-05 18:24:27 - [MESSAGE][PASSED] - Browser is opened with url: ''

2017-12-05 18:24:27 - [TEST_STEP][PASSED] - maximizeWindow: Current window maximized

2017-12-05 18:24:29 - [MESSAGE][PASSED] - Current window maximized

2017-12-05 18:24:29 - [TEST_STEP][PASSED] - navigateToUrl: Navigate to 'http://bengen' successfully

2017-12-05 18:24:29 - [MESSAGE][PASSED] - Navigate to 'http://bengen' successfully

2017-12-05 18:24:29 - [TEST_STEP][PASSED] - verifyElementPresent: Object 'Object Repository/00_Page_ABB BenGen Authentication/ABB_logo' is present

2017-12-05 18:24:29 - [MESSAGE][WARNING] - Timeout '0' is invalid. Using default page load timeout: '30'

2017-12-05 18:24:30 - [MESSAGE][PASSED] - Object 'Object Repository/00_Page_ABB BenGen Authentication/ABB_logo' is present

2017-12-05 18:24:30 - [TEST_STEP][PASSED] - verifyElementPresent: Object 'Object Repository/00_Page_ABB BenGen Authentication/input_pass' is present

2017-12-05 18:24:30 - [MESSAGE][WARNING] - Timeout '0' is invalid. Using default page load timeout: '30'

2017-12-05 18:24:30 - [MESSAGE][PASSED] - Object 'Object Repository/00_Page_ABB BenGen Authentication/input_pass' is present

2017-12-05 18:24:30 - [TEST_STEP][PASSED] - verifyElementPresent: Object 'Object Repository/00_Page_ABB BenGen Authentication/input_user' is present

2017-12-05 18:24:30 - [MESSAGE][WARNING] - Timeout '0' is invalid. Using default page load timeout: '30'

2017-12-05 18:24:30 - [MESSAGE][PASSED] - Object 'Object Repository/00_Page_ABB BenGen Authentication/input_user' is present

2017-12-05 18:24:30 - [TEST_STEP][PASSED] - verifyElementPresent: Object 'Object Repository/00_Page_ABB BenGen Authentication/button_Login' is present

2017-12-05 18:24:30 - [MESSAGE][WARNING] - Timeout '0' is invalid. Using default page load timeout: '30'

2017-12-05 18:24:30 - [MESSAGE][PASSED] - Object 'Object Repository/00_Page_ABB BenGen Authentication/button_Login' is present

2017-12-05 18:24:30 - [MESSAGE][PASSED] - Call Test Case 'Test Cases/utilities/TC_0b_apertura pagina di login - ReUse' successfully

2017-12-05 18:24:30 - [TEST_STEP][PASSED] - setText: Text 'admin@admin.it' is set on object 'Object Repository/00_Page_ABB BenGen Authentication/input_user'

2017-12-05 18:24:30 - [MESSAGE][PASSED] - Text 'admin@admin.it' is set on object 'Object Repository/00_Page_ABB BenGen Authentication/input_user'

2017-12-05 18:24:30 - [TEST_STEP][PASSED] - setText: Text 'admin' is set on object 'Object Repository/00_Page_ABB BenGen Authentication/input_pass'

2017-12-05 18:24:30 - [MESSAGE][PASSED] - Text 'admin' is set on object 'Object Repository/00_Page_ABB BenGen Authentication/input_pass'

2017-12-05 18:24:30 - [TEST_STEP][PASSED] - click: Object: 'Object Repository/00_Page_ABB BenGen Authentication/button_Login' is clicked on

2017-12-05 18:24:31 - [MESSAGE][PASSED] - Object: 'Object Repository/00_Page_ABB BenGen Authentication/button_Login' is clicked on

2017-12-05 18:24:31 - [TEST_STEP][PASSED] - waitForElementPresent: Object 'Object Repository/00_Page_Aurora Vision BenGen/a_Aurora Vision Backoffice' is present

2017-12-05 18:24:34 - [MESSAGE][PASSED] - Object 'Object Repository/00_Page_Aurora Vision BenGen/a_Aurora Vision Backoffice' is present

2017-12-05 18:24:34 - [TEST_STEP][PASSED] - Statement - selfWindowTitle = com.kms.katalon.core.webui.keyword.WebUiBuiltInKeywords.getWindowTitle(): Current window's title is: 'Aurora Vision BenGen'

2017-12-05 18:24:34 - [MESSAGE][PASSED] - Current window's title is: 'Aurora Vision BenGen'

2017-12-05 18:24:34 - [TEST_STEP][PASSED] - verifyEqual: Actual object 'Aurora Vision BenGen' and expected object 'Aurora Vision BenGen' are equal

2017-12-05 18:24:34 - [MESSAGE][PASSED] - Actual object 'Aurora Vision BenGen' and expected object 'Aurora Vision BenGen' are equal

2017-12-05 18:24:34 - [MESSAGE][PASSED] - Call Test Case 'Test Cases/utilities/TC_0c-Login Corretto - ReUse' successfully

2017-12-05 18:24:34 - [TEST_STEP][PASSED] - Statement - viewPort = com.kms.katalon.core.webui.keyword.WebUiBuiltInKeywords.getViewportWidth(): Viewport width is 1366

2017-12-05 18:24:34 - [MESSAGE][PASSED] - Viewport width is 1366

2017-12-05 18:24:34 - [TEST_STEP][PASSED] - Statement - If (viewPort < 1400): Object: 'Object Repository/00_Page_MenuCheck/MenuResponsiveArrow' is clicked on

2017-12-05 18:24:34 - [TEST_STEP][PASSED] - click: Object: 'Object Repository/00_Page_MenuCheck/MenuResponsiveArrow' is clicked on

2017-12-05 18:24:34 - [MESSAGE][PASSED] - Object: 'Object Repository/00_Page_MenuCheck/MenuResponsiveArrow' is clicked on

2017-12-05 18:24:34 - [TEST_STEP][PASSED] - focus: Object: 'Object Repository/00_Page_MenuCheck/NavArrows/ProdLinesArrow_opn' is focused

2017-12-05 18:24:34 - [MESSAGE][PASSED] - Object: 'Object Repository/00_Page_MenuCheck/NavArrows/ProdLinesArrow_opn' is focused

2017-12-05 18:24:34 - [TEST_STEP][PASSED] - click: Object: 'Object Repository/00_Page_MenuCheck/NavArrows/ProdLinesArrow_opn' is clicked on

2017-12-05 18:24:35 - [MESSAGE][PASSED] - Object: 'Object Repository/00_Page_MenuCheck/NavArrows/ProdLinesArrow_opn' is clicked on

2017-12-05 18:24:35 - [TEST_STEP][PASSED] - focus: Object: 'Object Repository/00_Page_MenuCheck/NavArrows/ProdFamsArrow_cls' is focused

2017-12-05 18:24:35 - [MESSAGE][PASSED] - Object: 'Object Repository/00_Page_MenuCheck/NavArrows/ProdFamsArrow_cls' is focused

2017-12-05 18:24:35 - [TEST_STEP][PASSED] - click: Object: 'Object Repository/00_Page_MenuCheck/NavArrows/ProdFamsArrow_cls' is clicked on

2017-12-05 18:24:35 - [MESSAGE][PASSED] - Object: 'Object Repository/00_Page_MenuCheck/NavArrows/ProdFamsArrow_cls' is clicked on

2017-12-05 18:24:35 - [TEST_STEP][PASSED] - click: Object: 'Object Repository/00_Page_MenuCheck/VociMenu/04b_ProductFamilies_Datasheet' is clicked on

2017-12-05 18:24:35 - [MESSAGE][PASSED] - Object: 'Object Repository/00_Page_MenuCheck/VociMenu/04b_ProductFamilies_Datasheet' is clicked on

2017-12-05 18:24:35 - [TEST_STEP][PASSED] - comment: Blocco 1 - Intestazioni Generali

2017-12-05 18:24:35 - [TEST_STEP][PASSED] - verifyElementPresent: Object 'Object Repository/03_Page_ProductFamilies/03b_Page_ProductFamilies_Datasheet/Intestazioni/00_ProductFamiliesDatasheet_title' is present

2017-12-05 18:24:36 - [MESSAGE][PASSED] - Object 'Object Repository/03_Page_ProductFamilies/03b_Page_ProductFamilies_Datasheet/Intestazioni/00_ProductFamiliesDatasheet_title' is present

2017-12-05 18:24:36 - [TEST_STEP][PASSED] - verifyElementPresent: Object 'Object Repository/03_Page_ProductFamilies/03b_Page_ProductFamilies_Datasheet/Intestazioni/01_ProductFamiliesName_preSelect' is present

2017-12-05 18:24:36 - [MESSAGE][PASSED] - Object 'Object Repository/03_Page_ProductFamilies/03b_Page_ProductFamilies_Datasheet/Intestazioni/01_ProductFamiliesName_preSelect' is present

2017-12-05 18:24:36 - [TEST_STEP][PASSED] - verifyElementPresent: Object 'Object Repository/03_Page_ProductFamilies/03b_Page_ProductFamilies_Datasheet/Intestazioni/02_ProductFamiliesRPN' is present

2017-12-05 18:24:36 - [MESSAGE][PASSED] - Object 'Object Repository/03_Page_ProductFamilies/03b_Page_ProductFamilies_Datasheet/Intestazioni/02_ProductFamiliesRPN' is present

2017-12-05 18:24:36 - [TEST_STEP][PASSED] - verifyElementPresent: Object 'Object Repository/03_Page_ProductFamilies/03b_Page_ProductFamilies_Datasheet/Intestazioni/03_ProductFamiliesType' is present

2017-12-05 18:24:36 - [MESSAGE][PASSED] - Object 'Object Repository/03_Page_ProductFamilies/03b_Page_ProductFamilies_Datasheet/Intestazioni/03_ProductFamiliesType' is present

2017-12-05 18:24:36 - [TEST_STEP][PASSED] - verifyElementText: Actual text and expected text of test object 'Object Repository/03_Page_ProductFamilies/03b_Page_ProductFamilies_Datasheet/Intestazioni/00_ProductFamiliesDatasheet_title' are matched.

2017-12-05 18:24:36 - [MESSAGE][PASSED] - Actual text and expected text of test object 'Object Repository/03_Page_ProductFamilies/03b_Page_ProductFamilies_Datasheet/Intestazioni/00_ProductFamiliesDatasheet_title' are matched.

2017-12-05 18:24:36 - [TEST_STEP][PASSED] - verifyElementText: Actual text and expected text of test object 'Object Repository/03_Page_ProductFamilies/03b_Page_ProductFamilies_Datasheet/Intestazioni/01_ProductFamiliesName_preSelect' are matched.

2017-12-05 18:24:36 - [MESSAGE][PASSED] - Actual text and expected text of test object 'Object Repository/03_Page_ProductFamilies/03b_Page_ProductFamilies_Datasheet/Intestazioni/01_ProductFamiliesName_preSelect' are matched.

2017-12-05 18:24:36 - [TEST_STEP][PASSED] - verifyTextPresent: Text 'Reference Part Number' is present on page 

2017-12-05 18:24:37 - [MESSAGE][PASSED] - Text 'Reference Part Number' is present on page 

2017-12-05 18:24:37 - [TEST_STEP][PASSED] - verifyTextPresent: Text 'Type' is present on page 

2017-12-05 18:24:37 - [MESSAGE][PASSED] - Text 'Type' is present on page 

2017-12-05 18:24:37 - [TEST_STEP][PASSED] - comment: Blocco 2 - Product Models List

2017-12-05 18:24:37 - [TEST_STEP][PASSED] - verifyElementPresent: Object 'Object Repository/03_Page_ProductFamilies/03b_Page_ProductFamilies_Datasheet/Intestazioni/04_ProductModelsList_title' is present

2017-12-05 18:24:37 - [MESSAGE][PASSED] - Object 'Object Repository/03_Page_ProductFamilies/03b_Page_ProductFamilies_Datasheet/Intestazioni/04_ProductModelsList_title' is present

2017-12-05 18:24:37 - [TEST_STEP][PASSED] - verifyElementPresent: Object 'Object Repository/03_Page_ProductFamilies/03b_Page_ProductFamilies_Datasheet/Intestazioni/04a_columnID' is present

2017-12-05 18:24:37 - [MESSAGE][PASSED] - Object 'Object Repository/03_Page_ProductFamilies/03b_Page_ProductFamilies_Datasheet/Intestazioni/04a_columnID' is present

2017-12-05 18:24:37 - [TEST_STEP][PASSED] - verifyElementPresent: Object 'Object Repository/03_Page_ProductFamilies/03b_Page_ProductFamilies_Datasheet/Intestazioni/04b_columnName' is present

2017-12-05 18:24:37 - [MESSAGE][PASSED] - Object 'Object Repository/03_Page_ProductFamilies/03b_Page_ProductFamilies_Datasheet/Intestazioni/04b_columnName' is present

2017-12-05 18:24:37 - [TEST_STEP][PASSED] - verifyElementPresent: Object 'Object Repository/03_Page_ProductFamilies/03b_Page_ProductFamilies_Datasheet/Intestazioni/04c_columnCountryAreasSpecificName' is present

2017-12-05 18:24:37 - [MESSAGE][PASSED] - Object 'Object Repository/03_Page_ProductFamilies/03b_Page_ProductFamilies_Datasheet/Intestazioni/04c_columnCountryAreasSpecificName' is present

2017-12-05 18:24:37 - [TEST_STEP][PASSED] - verifyElementText: Actual text and expected text of test object 'Object Repository/03_Page_ProductFamilies/03b_Page_ProductFamilies_Datasheet/Intestazioni/04_ProductModelsList_title' are matched.

2017-12-05 18:24:38 - [MESSAGE][PASSED] - Actual text and expected text of test object 'Object Repository/03_Page_ProductFamilies/03b_Page_ProductFamilies_Datasheet/Intestazioni/04_ProductModelsList_title' are matched.

2017-12-05 18:24:38 - [TEST_STEP][PASSED] - verifyElementText: Actual text and expected text of test object 'Object Repository/03_Page_ProductFamilies/03b_Page_ProductFamilies_Datasheet/Intestazioni/04a_columnID' are matched.

2017-12-05 18:24:38 - [MESSAGE][PASSED] - Actual text and expected text of test object 'Object Repository/03_Page_ProductFamilies/03b_Page_ProductFamilies_Datasheet/Intestazioni/04a_columnID' are matched.

2017-12-05 18:24:38 - [TEST_STEP][PASSED] - verifyElementText: Actual text and expected text of test object 'Object Repository/03_Page_ProductFamilies/03b_Page_ProductFamilies_Datasheet/Intestazioni/04b_columnName' are matched.

2017-12-05 18:24:38 - [MESSAGE][PASSED] - Actual text and expected text of test object 'Object Repository/03_Page_ProductFamilies/03b_Page_ProductFamilies_Datasheet/Intestazioni/04b_columnName' are matched.

2017-12-05 18:24:38 - [TEST_STEP][PASSED] - verifyElementText: Actual text and expected text of test object 'Object Repository/03_Page_ProductFamilies/03b_Page_ProductFamilies_Datasheet/Intestazioni/04c_columnCountryAreasSpecificName' are matched.

2017-12-05 18:24:38 - [MESSAGE][PASSED] - Actual text and expected text of test object 'Object Repository/03_Page_ProductFamilies/03b_Page_ProductFamilies_Datasheet/Intestazioni/04c_columnCountryAreasSpecificName' are matched.

2017-12-05 18:24:38 - [TEST_STEP][PASSED] - comment: Blocco 3 - Product Family Design

2017-12-05 18:24:38 - [TEST_STEP][PASSED] - verifyElementPresent: Object 'Object Repository/03_Page_ProductFamilies/03b_Page_ProductFamilies_Datasheet/Intestazioni/05_ProductFamilyDesign_title' is present

2017-12-05 18:24:38 - [MESSAGE][PASSED] - Object 'Object Repository/03_Page_ProductFamilies/03b_Page_ProductFamilies_Datasheet/Intestazioni/05_ProductFamilyDesign_title' is present

2017-12-05 18:24:38 - [TEST_STEP][PASSED] - verifyElementText: Actual text and expected text of test object 'Object Repository/03_Page_ProductFamilies/03b_Page_ProductFamilies_Datasheet/Intestazioni/05_ProductFamilyDesign_title' are matched.

2017-12-05 18:24:38 - [MESSAGE][PASSED] - Actual text and expected text of test object 'Object Repository/03_Page_ProductFamilies/03b_Page_ProductFamilies_Datasheet/Intestazioni/05_ProductFamilyDesign_title' are matched.

2017-12-05 18:24:38 - [TEST_STEP][PASSED] - comment: Blocco 3a - Logical Devices

2017-12-05 18:24:38 - [TEST_STEP][PASSED] - verifyElementPresent: Object 'Object Repository/03_Page_ProductFamilies/03b_Page_ProductFamilies_Datasheet/Intestazioni/05a_LogicalDevices' is present

2017-12-05 18:24:38 - [MESSAGE][PASSED] - Object 'Object Repository/03_Page_ProductFamilies/03b_Page_ProductFamilies_Datasheet/Intestazioni/05a_LogicalDevices' is present

2017-12-05 18:24:38 - [TEST_STEP][PASSED] - verifyElementText: Actual text and expected text of test object 'Object Repository/03_Page_ProductFamilies/03b_Page_ProductFamilies_Datasheet/Intestazioni/05a_LogicalDevices' are matched.

2017-12-05 18:24:38 - [MESSAGE][PASSED] - Actual text and expected text of test object 'Object Repository/03_Page_ProductFamilies/03b_Page_ProductFamilies_Datasheet/Intestazioni/05a_LogicalDevices' are matched.

2017-12-05 18:24:38 - [TEST_STEP][PASSED] - comment: Blocco 3b - Functional Groups

2017-12-05 18:24:38 - [TEST_STEP][PASSED] - verifyElementPresent: Object 'Object Repository/03_Page_ProductFamilies/03b_Page_ProductFamilies_Datasheet/Intestazioni/05b_FunctionalGroups' is present

2017-12-05 18:24:38 - [MESSAGE][PASSED] - Object 'Object Repository/03_Page_ProductFamilies/03b_Page_ProductFamilies_Datasheet/Intestazioni/05b_FunctionalGroups' is present

2017-12-05 18:24:38 - [TEST_STEP][PASSED] - verifyElementPresent: Object 'Object Repository/03_Page_ProductFamilies/03b_Page_ProductFamilies_Datasheet/Intestazioni/05b1_Logical Devices' is present

2017-12-05 18:24:39 - [MESSAGE][PASSED] - Object 'Object Repository/03_Page_ProductFamilies/03b_Page_ProductFamilies_Datasheet/Intestazioni/05b1_Logical Devices' is present

2017-12-05 18:24:39 - [TEST_STEP][PASSED] - verifyElementPresent: Object 'Object Repository/03_Page_ProductFamilies/03b_Page_ProductFamilies_Datasheet/Intestazioni/05b2_Control' is present

2017-12-05 18:24:39 - [MESSAGE][PASSED] - Object 'Object Repository/03_Page_ProductFamilies/03b_Page_ProductFamilies_Datasheet/Intestazioni/05b2_Control' is present

2017-12-05 18:24:39 - [TEST_STEP][PASSED] - verifyElementPresent: Object 'Object Repository/03_Page_ProductFamilies/03b_Page_ProductFamilies_Datasheet/Intestazioni/05b3_Connectivity' is present

2017-12-05 18:24:39 - [MESSAGE][PASSED] - Object 'Object Repository/03_Page_ProductFamilies/03b_Page_ProductFamilies_Datasheet/Intestazioni/05b3_Connectivity' is present

2017-12-05 18:24:39 - [TEST_STEP][PASSED] - verifyElementText: Actual text and expected text of test object 'Object Repository/03_Page_ProductFamilies/03b_Page_ProductFamilies_Datasheet/Intestazioni/05b_FunctionalGroups' are matched.

2017-12-05 18:24:39 - [MESSAGE][PASSED] - Actual text and expected text of test object 'Object Repository/03_Page_ProductFamilies/03b_Page_ProductFamilies_Datasheet/Intestazioni/05b_FunctionalGroups' are matched.

2017-12-05 18:24:39 - [TEST_STEP][PASSED] - verifyElementText: Actual text and expected text of test object 'Object Repository/03_Page_ProductFamilies/03b_Page_ProductFamilies_Datasheet/Intestazioni/05b1_Logical Devices' are matched.

2017-12-05 18:24:39 - [MESSAGE][PASSED] - Actual text and expected text of test object 'Object Repository/03_Page_ProductFamilies/03b_Page_ProductFamilies_Datasheet/Intestazioni/05b1_Logical Devices' are matched.

2017-12-05 18:24:39 - [TEST_STEP][PASSED] - verifyElementText: Actual text and expected text of test object 'Object Repository/03_Page_ProductFamilies/03b_Page_ProductFamilies_Datasheet/Intestazioni/05b2_Control' are matched.

2017-12-05 18:24:39 - [MESSAGE][PASSED] - Actual text and expected text of test object 'Object Repository/03_Page_ProductFamilies/03b_Page_ProductFamilies_Datasheet/Intestazioni/05b2_Control' are matched.

2017-12-05 18:24:39 - [TEST_STEP][PASSED] - verifyElementText: Actual text and expected text of test object 'Object Repository/03_Page_ProductFamilies/03b_Page_ProductFamilies_Datasheet/Intestazioni/05b3_Connectivity' are matched.

2017-12-05 18:24:39 - [MESSAGE][PASSED] - Actual text and expected text of test object 'Object Repository/03_Page_ProductFamilies/03b_Page_ProductFamilies_Datasheet/Intestazioni/05b3_Connectivity' are matched.

2017-12-05 18:24:39 - [TEST_STEP][PASSED] - comment: Blocco 3c - Logical Devices Details

2017-12-05 18:24:39 - [TEST_STEP][PASSED] - verifyElementPresent: Object 'Object Repository/03_Page_ProductFamilies/03b_Page_ProductFamilies_Datasheet/Intestazioni/05c_LogicalDevicesDetails' is present

2017-12-05 18:24:39 - [MESSAGE][PASSED] - Object 'Object Repository/03_Page_ProductFamilies/03b_Page_ProductFamilies_Datasheet/Intestazioni/05c_LogicalDevicesDetails' is present

2017-12-05 18:24:39 - [TEST_STEP][PASSED] - verifyElementPresent: Object 'Object Repository/03_Page_ProductFamilies/03b_Page_ProductFamilies_Datasheet/Intestazioni/05c1_Name' is present

2017-12-05 18:24:39 - [MESSAGE][PASSED] - Object 'Object Repository/03_Page_ProductFamilies/03b_Page_ProductFamilies_Datasheet/Intestazioni/05c1_Name' is present

2017-12-05 18:24:39 - [TEST_STEP][PASSED] - verifyElementPresent: Object 'Object Repository/03_Page_ProductFamilies/03b_Page_ProductFamilies_Datasheet/Intestazioni/05c2_Physical Device' is present

2017-12-05 18:24:39 - [MESSAGE][PASSED] - Object 'Object Repository/03_Page_ProductFamilies/03b_Page_ProductFamilies_Datasheet/Intestazioni/05c2_Physical Device' is present

2017-12-05 18:24:39 - [TEST_STEP][PASSED] - verifyElementPresent: Object 'Object Repository/03_Page_ProductFamilies/03b_Page_ProductFamilies_Datasheet/Intestazioni/05c3_Fat Type' is present

2017-12-05 18:24:39 - [MESSAGE][PASSED] - Object 'Object Repository/03_Page_ProductFamilies/03b_Page_ProductFamilies_Datasheet/Intestazioni/05c3_Fat Type' is present

2017-12-05 18:24:39 - [TEST_STEP][PASSED] - verifyElementText: Actual text and expected text of test object 'Object Repository/03_Page_ProductFamilies/03b_Page_ProductFamilies_Datasheet/Intestazioni/05c_LogicalDevicesDetails' are matched.

2017-12-05 18:24:39 - [MESSAGE][PASSED] - Actual text and expected text of test object 'Object Repository/03_Page_ProductFamilies/03b_Page_ProductFamilies_Datasheet/Intestazioni/05c_LogicalDevicesDetails' are matched.

2017-12-05 18:24:39 - [TEST_STEP][PASSED] - verifyElementText: Actual text and expected text of test object 'Object Repository/03_Page_ProductFamilies/03b_Page_ProductFamilies_Datasheet/Intestazioni/05c1_Name' are matched.

2017-12-05 18:24:40 - [MESSAGE][PASSED] - Actual text and expected text of test object 'Object Repository/03_Page_ProductFamilies/03b_Page_ProductFamilies_Datasheet/Intestazioni/05c1_Name' are matched.

2017-12-05 18:24:40 - [TEST_STEP][PASSED] - verifyElementText: Actual text and expected text of test object 'Object Repository/03_Page_ProductFamilies/03b_Page_ProductFamilies_Datasheet/Intestazioni/05c2_Physical Device' are matched.

2017-12-05 18:24:40 - [MESSAGE][PASSED] - Actual text and expected text of test object 'Object Repository/03_Page_ProductFamilies/03b_Page_ProductFamilies_Datasheet/Intestazioni/05c2_Physical Device' are matched.

2017-12-05 18:24:40 - [TEST_STEP][PASSED] - verifyElementText: Actual text and expected text of test object 'Object Repository/03_Page_ProductFamilies/03b_Page_ProductFamilies_Datasheet/Intestazioni/05c3_Fat Type' are matched.

2017-12-05 18:24:40 - [MESSAGE][PASSED] - Actual text and expected text of test object 'Object Repository/03_Page_ProductFamilies/03b_Page_ProductFamilies_Datasheet/Intestazioni/05c3_Fat Type' are matched.

2017-12-05 18:24:40 - [TEST_STEP][PASSED] - closeBrowser: Browser is closed

2017-12-05 18:24:40 - [MESSAGE][PASSED] - Browser is closed]]></system-out>
         <system-err><![CDATA[]]></system-err>
      </testcase>
      <system-out><![CDATA[2017-12-05 18:23:52 - [TEST_SUITE][FAILED] - TS_03_ProductFamilies: Test Cases/03_ProductFamilies/03a_Page_ProductFamilies-List/TC_03a2 PFList-Verifica Select Name FAILED because (of) Unable to click on object 'Object Repository/03_Page_ProductFamilies/03a_Page_ProductFamilies_List/NameSelectOptions/div_Evo U' (Root cause: org.openqa.selenium.WebDriverException: unknown error: Element <div class="md-text ng-binding">...</div> is not clickable at point (18, 10). Other element would receive the click: <label class="menu-icon" for="menu-btn">...</label>
  (Session info: chrome=62.0.3202.94)
  (Driver info: chromedriver=2.33.506120 (e3e53437346286c0bc2d2dc9aa4915ba81d9023f),platform=Windows NT 10.0.15063 x86_64) (WARNING: The server did not provide any stacktrace information)
Command duration or timeout: 0 milliseconds
Build info: version: '3.7.1', revision: '8a0099a', time: '2017-11-06T21:07:36.161Z'
System info: host: 'WORKPC', ip: '192.168.56.1', os.name: 'Windows 10', os.arch: 'amd64', os.version: '10.0', java.version: '1.8.0_102'
Driver info: com.kms.katalon.selenium.driver.CChromeDriver
Capabilities {acceptSslCerts: true, applicationCacheEnabled: false, browserConnectionEnabled: false, browserName: chrome, chrome: {chromedriverVersion: 2.33.506120 (e3e53437346286..., userDataDir: C:\Users\WorkPC\AppData\Loc...}, cssSelectorsEnabled: true, databaseEnabled: false, handlesAlerts: true, hasTouchScreen: false, javascriptEnabled: true, locationContextEnabled: true, mobileEmulationEnabled: false, nativeEvents: true, networkConnectionEnabled: false, pageLoadStrategy: normal, platform: XP, platformName: XP, rotatable: false, setWindowRect: true, takesHeapSnapshot: true, takesScreenshot: true, unexpectedAlertBehaviour: , unhandledPromptBehavior: , version: 62.0.3202.94, webStorageEnabled: true}
Session ID: a02aa6eddee940a660ef91535fb06f17)]]></system-out>
      <system-err><![CDATA[2017-12-05 18:23:52 - [TEST_SUITE][FAILED] - TS_03_ProductFamilies: Test Cases/03_ProductFamilies/03a_Page_ProductFamilies-List/TC_03a2 PFList-Verifica Select Name FAILED because (of) Unable to click on object 'Object Repository/03_Page_ProductFamilies/03a_Page_ProductFamilies_List/NameSelectOptions/div_Evo U' (Root cause: org.openqa.selenium.WebDriverException: unknown error: Element <div class="md-text ng-binding">...</div> is not clickable at point (18, 10). Other element would receive the click: <label class="menu-icon" for="menu-btn">...</label>
  (Session info: chrome=62.0.3202.94)
  (Driver info: chromedriver=2.33.506120 (e3e53437346286c0bc2d2dc9aa4915ba81d9023f),platform=Windows NT 10.0.15063 x86_64) (WARNING: The server did not provide any stacktrace information)
Command duration or timeout: 0 milliseconds
Build info: version: '3.7.1', revision: '8a0099a', time: '2017-11-06T21:07:36.161Z'
System info: host: 'WORKPC', ip: '192.168.56.1', os.name: 'Windows 10', os.arch: 'amd64', os.version: '10.0', java.version: '1.8.0_102'
Driver info: com.kms.katalon.selenium.driver.CChromeDriver
Capabilities {acceptSslCerts: true, applicationCacheEnabled: false, browserConnectionEnabled: false, browserName: chrome, chrome: {chromedriverVersion: 2.33.506120 (e3e53437346286..., userDataDir: C:\Users\WorkPC\AppData\Loc...}, cssSelectorsEnabled: true, databaseEnabled: false, handlesAlerts: true, hasTouchScreen: false, javascriptEnabled: true, locationContextEnabled: true, mobileEmulationEnabled: false, nativeEvents: true, networkConnectionEnabled: false, pageLoadStrategy: normal, platform: XP, platformName: XP, rotatable: false, setWindowRect: true, takesHeapSnapshot: true, takesScreenshot: true, unexpectedAlertBehaviour: , unhandledPromptBehavior: , version: 62.0.3202.94, webStorageEnabled: true}
Session ID: a02aa6eddee940a660ef91535fb06f17)]]></system-err>
   </testsuite>
</testsuites>
