<?xml version="1.0" encoding="UTF-8"?>
<testsuites name="TS_11_Bens" time="29" tests="1" failures="1" errors="0">
   <testsuite name="TS_11_Bens" tests="1" failures="1" errors="0" time="29" timestamp="2017-12-05 18:27:36" hostname="WorkPC - WorkPC" id="Test Suites/TS_Units/TS_11_Bens">
      <properties>
         <property name="deviceName" value=""/>
         <property name="devicePlatform" value=""/>
         <property name="logFolder" value="D:\\ABB\\ABB_KatTest1\\ABB_Test_Test\\Reports\\TS_Units\\TS_11_Bens\\20171205_182106"/>
         <property name="logFiles" value="D:\\ABB\\ABB_KatTest1\\ABB_Test_Test\\Reports\\TS_Units\\TS_11_Bens\\20171205_182106\\execution0.log"/>
         <property name="attachments" value="D:\\ABB\\ABB_KatTest1\\ABB_Test_Test\\Reports\\TS_Units\\TS_11_Bens\\20171205_182106\\1512494884654.png"/>
         <property name="hostName" value="WorkPC - WorkPC"/>
         <property name="os" value="Windows 10 64bit"/>
         <property name="katalonVersion" value="5.1.0.2"/>
         <property name="browser" value="Chrome 62.0.3202.94"/>
         <property name="hostAddress" value="192.168.56.1"/>
         <property name="sessionId" value="dac0a0b624fbf4685af2c31a61db847c"/>
         <property name="seleniumVersion" value="3.7.1"/>
         <property name="proxyInformation" value="ProxyInformation{proxyOption=NO_PROXY, proxyServerType=HTTP, password=, proxyServerAddress=, proxyServerPort=0}"/>
         <property name="platform" value="Windows 10"/>
      </properties>
      <testcase name="Test Cases/11_Bens/11a_BensList/TC_11a1_BensList - Verifica Intestazioni" classname="Test Cases/11_Bens/11a_BensList/TC_11a1_BensList - Verifica Intestazioni" status="PASSED">
         <system-out><![CDATA[2017-12-05 18:27:36 - [TEST_CASE][PASSED] - Test Cases/11_Bens/11a_BensList/TC_11a1_BensList - Verifica Intestazioni: Test Cases/11_Bens/11a_BensList/TC_11a1_BensList - Verifica Intestazioni

2017-12-05 18:27:37 - [TEST_STEP][PASSED] - callTestCase: Call Test Case 'Test Cases/utilities/TC_0c-Login Corretto - ReUse' successfully

2017-12-05 18:27:38 - [TEST_CASE][PASSED] - Test Cases/utilities/TC_0c-Login Corretto - ReUse: Test Cases/utilities/TC_0c-Login Corretto - ReUse

2017-12-05 18:27:38 - [TEST_STEP][PASSED] - callTestCase: Call Test Case 'Test Cases/utilities/TC_0b_apertura pagina di login - ReUse' successfully

2017-12-05 18:27:38 - [TEST_CASE][PASSED] - Test Cases/utilities/TC_0b_apertura pagina di login - ReUse: Test Cases/utilities/TC_0b_apertura pagina di login - ReUse

2017-12-05 18:27:38 - [TEST_STEP][PASSED] - openBrowser: Browser is opened with url: ''

2017-12-05 18:27:43 - [MESSAGE][PASSED] - Browser is opened with url: ''

2017-12-05 18:27:43 - [TEST_STEP][PASSED] - maximizeWindow: Current window maximized

2017-12-05 18:27:44 - [MESSAGE][PASSED] - Current window maximized

2017-12-05 18:27:44 - [TEST_STEP][PASSED] - navigateToUrl: Navigate to 'http://bengen' successfully

2017-12-05 18:27:45 - [MESSAGE][PASSED] - Navigate to 'http://bengen' successfully

2017-12-05 18:27:45 - [TEST_STEP][PASSED] - verifyElementPresent: Object 'Object Repository/00_Page_ABB BenGen Authentication/ABB_logo' is present

2017-12-05 18:27:45 - [MESSAGE][WARNING] - Timeout '0' is invalid. Using default page load timeout: '30'

2017-12-05 18:27:45 - [MESSAGE][PASSED] - Object 'Object Repository/00_Page_ABB BenGen Authentication/ABB_logo' is present

2017-12-05 18:27:45 - [TEST_STEP][PASSED] - verifyElementPresent: Object 'Object Repository/00_Page_ABB BenGen Authentication/input_pass' is present

2017-12-05 18:27:45 - [MESSAGE][WARNING] - Timeout '0' is invalid. Using default page load timeout: '30'

2017-12-05 18:27:45 - [MESSAGE][PASSED] - Object 'Object Repository/00_Page_ABB BenGen Authentication/input_pass' is present

2017-12-05 18:27:45 - [TEST_STEP][PASSED] - verifyElementPresent: Object 'Object Repository/00_Page_ABB BenGen Authentication/input_user' is present

2017-12-05 18:27:45 - [MESSAGE][WARNING] - Timeout '0' is invalid. Using default page load timeout: '30'

2017-12-05 18:27:45 - [MESSAGE][PASSED] - Object 'Object Repository/00_Page_ABB BenGen Authentication/input_user' is present

2017-12-05 18:27:45 - [TEST_STEP][PASSED] - verifyElementPresent: Object 'Object Repository/00_Page_ABB BenGen Authentication/button_Login' is present

2017-12-05 18:27:45 - [MESSAGE][WARNING] - Timeout '0' is invalid. Using default page load timeout: '30'

2017-12-05 18:27:45 - [MESSAGE][PASSED] - Object 'Object Repository/00_Page_ABB BenGen Authentication/button_Login' is present

2017-12-05 18:27:45 - [MESSAGE][PASSED] - Call Test Case 'Test Cases/utilities/TC_0b_apertura pagina di login - ReUse' successfully

2017-12-05 18:27:45 - [TEST_STEP][PASSED] - setText: Text 'admin@admin.it' is set on object 'Object Repository/00_Page_ABB BenGen Authentication/input_user'

2017-12-05 18:27:46 - [MESSAGE][PASSED] - Text 'admin@admin.it' is set on object 'Object Repository/00_Page_ABB BenGen Authentication/input_user'

2017-12-05 18:27:46 - [TEST_STEP][PASSED] - setText: Text 'admin' is set on object 'Object Repository/00_Page_ABB BenGen Authentication/input_pass'

2017-12-05 18:27:46 - [MESSAGE][PASSED] - Text 'admin' is set on object 'Object Repository/00_Page_ABB BenGen Authentication/input_pass'

2017-12-05 18:27:46 - [TEST_STEP][PASSED] - click: Object: 'Object Repository/00_Page_ABB BenGen Authentication/button_Login' is clicked on

2017-12-05 18:27:47 - [MESSAGE][PASSED] - Object: 'Object Repository/00_Page_ABB BenGen Authentication/button_Login' is clicked on

2017-12-05 18:27:47 - [TEST_STEP][PASSED] - waitForElementPresent: Object 'Object Repository/00_Page_Aurora Vision BenGen/a_Aurora Vision Backoffice' is present

2017-12-05 18:27:50 - [MESSAGE][PASSED] - Object 'Object Repository/00_Page_Aurora Vision BenGen/a_Aurora Vision Backoffice' is present

2017-12-05 18:27:50 - [TEST_STEP][PASSED] - Statement - selfWindowTitle = com.kms.katalon.core.webui.keyword.WebUiBuiltInKeywords.getWindowTitle(): Current window's title is: 'Aurora Vision BenGen'

2017-12-05 18:27:50 - [MESSAGE][PASSED] - Current window's title is: 'Aurora Vision BenGen'

2017-12-05 18:27:50 - [TEST_STEP][PASSED] - verifyEqual: Actual object 'Aurora Vision BenGen' and expected object 'Aurora Vision BenGen' are equal

2017-12-05 18:27:50 - [MESSAGE][PASSED] - Actual object 'Aurora Vision BenGen' and expected object 'Aurora Vision BenGen' are equal

2017-12-05 18:27:50 - [MESSAGE][PASSED] - Call Test Case 'Test Cases/utilities/TC_0c-Login Corretto - ReUse' successfully

2017-12-05 18:27:50 - [TEST_STEP][PASSED] - Statement - viewPort = com.kms.katalon.core.webui.keyword.WebUiBuiltInKeywords.getViewportWidth(): Viewport width is 1366

2017-12-05 18:27:50 - [MESSAGE][PASSED] - Viewport width is 1366

2017-12-05 18:27:50 - [TEST_STEP][PASSED] - Statement - If (viewPort < 1400): Object: 'Object Repository/00_Page_MenuCheck/MenuResponsiveArrow' is clicked on

2017-12-05 18:27:50 - [TEST_STEP][PASSED] - click: Object: 'Object Repository/00_Page_MenuCheck/MenuResponsiveArrow' is clicked on

2017-12-05 18:27:50 - [MESSAGE][PASSED] - Object: 'Object Repository/00_Page_MenuCheck/MenuResponsiveArrow' is clicked on

2017-12-05 18:27:50 - [TEST_STEP][PASSED] - focus: Object: 'Object Repository/00_Page_MenuCheck/NavArrows/ProdLinesArrow_opn' is focused

2017-12-05 18:27:50 - [MESSAGE][PASSED] - Object: 'Object Repository/00_Page_MenuCheck/NavArrows/ProdLinesArrow_opn' is focused

2017-12-05 18:27:50 - [TEST_STEP][PASSED] - click: Object: 'Object Repository/00_Page_MenuCheck/NavArrows/ProdLinesArrow_opn' is clicked on

2017-12-05 18:27:50 - [MESSAGE][PASSED] - Object: 'Object Repository/00_Page_MenuCheck/NavArrows/ProdLinesArrow_opn' is clicked on

2017-12-05 18:27:50 - [TEST_STEP][PASSED] - focus: Object: 'Object Repository/00_Page_MenuCheck/NavArrows/Ben_cls' is focused

2017-12-05 18:27:51 - [MESSAGE][PASSED] - Object: 'Object Repository/00_Page_MenuCheck/NavArrows/Ben_cls' is focused

2017-12-05 18:27:51 - [TEST_STEP][PASSED] - click: Object: 'Object Repository/00_Page_MenuCheck/NavArrows/Ben_cls' is clicked on

2017-12-05 18:27:51 - [MESSAGE][PASSED] - Object: 'Object Repository/00_Page_MenuCheck/NavArrows/Ben_cls' is clicked on

2017-12-05 18:27:51 - [TEST_STEP][PASSED] - focus: Object: 'Object Repository/00_Page_MenuCheck/VociMenu/13a_Ben_List' is focused

2017-12-05 18:27:51 - [MESSAGE][PASSED] - Object: 'Object Repository/00_Page_MenuCheck/VociMenu/13a_Ben_List' is focused

2017-12-05 18:27:51 - [TEST_STEP][PASSED] - click: Object: 'Object Repository/00_Page_MenuCheck/VociMenu/13a_Ben_List' is clicked on

2017-12-05 18:27:51 - [MESSAGE][PASSED] - Object: 'Object Repository/00_Page_MenuCheck/VociMenu/13a_Ben_List' is clicked on

2017-12-05 18:27:51 - [TEST_STEP][PASSED] - verifyElementPresent: Object 'Object Repository/11_Page_Bens/11a_Page_Bens_List/Intestazioni/01_BENsList_title' is present

2017-12-05 18:27:51 - [MESSAGE][PASSED] - Object 'Object Repository/11_Page_Bens/11a_Page_Bens_List/Intestazioni/01_BENsList_title' is present

2017-12-05 18:27:51 - [TEST_STEP][PASSED] - verifyElementPresent: Object 'Object Repository/11_Page_Bens/11a_Page_Bens_List/Intestazioni/02_ID' is present

2017-12-05 18:27:51 - [MESSAGE][PASSED] - Object 'Object Repository/11_Page_Bens/11a_Page_Bens_List/Intestazioni/02_ID' is present

2017-12-05 18:27:51 - [TEST_STEP][PASSED] - verifyElementPresent: Object 'Object Repository/11_Page_Bens/11a_Page_Bens_List/Intestazioni/03_FamilyName_select' is present

2017-12-05 18:27:51 - [MESSAGE][PASSED] - Object 'Object Repository/11_Page_Bens/11a_Page_Bens_List/Intestazioni/03_FamilyName_select' is present

2017-12-05 18:27:51 - [TEST_STEP][PASSED] - verifyElementPresent: Object 'Object Repository/11_Page_Bens/11a_Page_Bens_List/Intestazioni/04_Models_select' is present

2017-12-05 18:27:51 - [MESSAGE][PASSED] - Object 'Object Repository/11_Page_Bens/11a_Page_Bens_List/Intestazioni/04_Models_select' is present

2017-12-05 18:27:51 - [TEST_STEP][PASSED] - verifyElementPresent: Object 'Object Repository/11_Page_Bens/11a_Page_Bens_List/Intestazioni/05_LogicalDevice' is present

2017-12-05 18:27:51 - [MESSAGE][PASSED] - Object 'Object Repository/11_Page_Bens/11a_Page_Bens_List/Intestazioni/05_LogicalDevice' is present

2017-12-05 18:27:51 - [TEST_STEP][PASSED] - verifyElementPresent: Object 'Object Repository/11_Page_Bens/11a_Page_Bens_List/Intestazioni/06_Description' is present

2017-12-05 18:27:52 - [MESSAGE][PASSED] - Object 'Object Repository/11_Page_Bens/11a_Page_Bens_List/Intestazioni/06_Description' is present

2017-12-05 18:27:52 - [TEST_STEP][PASSED] - verifyElementPresent: Object 'Object Repository/11_Page_Bens/11a_Page_Bens_List/Intestazioni/07_Version' is present

2017-12-05 18:27:52 - [MESSAGE][PASSED] - Object 'Object Repository/11_Page_Bens/11a_Page_Bens_List/Intestazioni/07_Version' is present

2017-12-05 18:27:52 - [TEST_STEP][PASSED] - verifyElementPresent: Object 'Object Repository/11_Page_Bens/11a_Page_Bens_List/Intestazioni/08_CreatedAt' is present

2017-12-05 18:27:52 - [MESSAGE][PASSED] - Object 'Object Repository/11_Page_Bens/11a_Page_Bens_List/Intestazioni/08_CreatedAt' is present

2017-12-05 18:27:52 - [TEST_STEP][PASSED] - verifyElementPresent: Object 'Object Repository/11_Page_Bens/11a_Page_Bens_List/Intestazioni/09_AuthorizationKey' is present

2017-12-05 18:27:52 - [MESSAGE][PASSED] - Object 'Object Repository/11_Page_Bens/11a_Page_Bens_List/Intestazioni/09_AuthorizationKey' is present

2017-12-05 18:27:52 - [TEST_STEP][PASSED] - verifyElementPresent: Object 'Object Repository/11_Page_Bens/11a_Page_Bens_List/Intestazioni/10_IsActive' is present

2017-12-05 18:27:52 - [MESSAGE][PASSED] - Object 'Object Repository/11_Page_Bens/11a_Page_Bens_List/Intestazioni/10_IsActive' is present

2017-12-05 18:27:52 - [TEST_STEP][PASSED] - comment: Verifica dei valori con Test Data

2017-12-05 18:27:52 - [TEST_STEP][PASSED] - verifyElementText: Actual text and expected text of test object 'Object Repository/11_Page_Bens/11a_Page_Bens_List/Intestazioni/01_BENsList_title' are matched.

2017-12-05 18:27:53 - [MESSAGE][PASSED] - Actual text and expected text of test object 'Object Repository/11_Page_Bens/11a_Page_Bens_List/Intestazioni/01_BENsList_title' are matched.

2017-12-05 18:27:53 - [TEST_STEP][PASSED] - verifyElementText: Actual text and expected text of test object 'Object Repository/11_Page_Bens/11a_Page_Bens_List/Intestazioni/02_ID' are matched.

2017-12-05 18:27:54 - [MESSAGE][PASSED] - Actual text and expected text of test object 'Object Repository/11_Page_Bens/11a_Page_Bens_List/Intestazioni/02_ID' are matched.

2017-12-05 18:27:54 - [TEST_STEP][PASSED] - verifyElementText: Actual text and expected text of test object 'Object Repository/11_Page_Bens/11a_Page_Bens_List/Intestazioni/03_FamilyName_select' are matched.

2017-12-05 18:27:54 - [MESSAGE][PASSED] - Actual text and expected text of test object 'Object Repository/11_Page_Bens/11a_Page_Bens_List/Intestazioni/03_FamilyName_select' are matched.

2017-12-05 18:27:54 - [TEST_STEP][PASSED] - verifyElementText: Actual text and expected text of test object 'Object Repository/11_Page_Bens/11a_Page_Bens_List/Intestazioni/04_Models_select' are matched.

2017-12-05 18:27:54 - [MESSAGE][PASSED] - Actual text and expected text of test object 'Object Repository/11_Page_Bens/11a_Page_Bens_List/Intestazioni/04_Models_select' are matched.

2017-12-05 18:27:54 - [TEST_STEP][PASSED] - verifyElementText: Actual text and expected text of test object 'Object Repository/11_Page_Bens/11a_Page_Bens_List/Intestazioni/05_LogicalDevice' are matched.

2017-12-05 18:27:54 - [MESSAGE][PASSED] - Actual text and expected text of test object 'Object Repository/11_Page_Bens/11a_Page_Bens_List/Intestazioni/05_LogicalDevice' are matched.

2017-12-05 18:27:54 - [TEST_STEP][PASSED] - verifyElementText: Actual text and expected text of test object 'Object Repository/11_Page_Bens/11a_Page_Bens_List/Intestazioni/06_Description' are matched.

2017-12-05 18:27:54 - [MESSAGE][PASSED] - Actual text and expected text of test object 'Object Repository/11_Page_Bens/11a_Page_Bens_List/Intestazioni/06_Description' are matched.

2017-12-05 18:27:54 - [TEST_STEP][PASSED] - verifyElementText: Actual text and expected text of test object 'Object Repository/11_Page_Bens/11a_Page_Bens_List/Intestazioni/07_Version' are matched.

2017-12-05 18:27:54 - [MESSAGE][PASSED] - Actual text and expected text of test object 'Object Repository/11_Page_Bens/11a_Page_Bens_List/Intestazioni/07_Version' are matched.

2017-12-05 18:27:54 - [TEST_STEP][PASSED] - verifyElementText: Actual text and expected text of test object 'Object Repository/11_Page_Bens/11a_Page_Bens_List/Intestazioni/08_CreatedAt' are matched.

2017-12-05 18:27:54 - [MESSAGE][PASSED] - Actual text and expected text of test object 'Object Repository/11_Page_Bens/11a_Page_Bens_List/Intestazioni/08_CreatedAt' are matched.

2017-12-05 18:27:54 - [TEST_STEP][PASSED] - verifyElementText: Actual text and expected text of test object 'Object Repository/11_Page_Bens/11a_Page_Bens_List/Intestazioni/09_AuthorizationKey' are matched.

2017-12-05 18:27:54 - [MESSAGE][PASSED] - Actual text and expected text of test object 'Object Repository/11_Page_Bens/11a_Page_Bens_List/Intestazioni/09_AuthorizationKey' are matched.

2017-12-05 18:27:54 - [TEST_STEP][PASSED] - verifyElementText: Actual text and expected text of test object 'Object Repository/11_Page_Bens/11a_Page_Bens_List/Intestazioni/10_IsActive' are matched.

2017-12-05 18:27:55 - [MESSAGE][PASSED] - Actual text and expected text of test object 'Object Repository/11_Page_Bens/11a_Page_Bens_List/Intestazioni/10_IsActive' are matched.

2017-12-05 18:27:55 - [TEST_STEP][PASSED] - closeBrowser: Browser is closed

2017-12-05 18:27:55 - [MESSAGE][PASSED] - Browser is closed]]></system-out>
         <system-err><![CDATA[]]></system-err>
      </testcase>
      <testcase name="Test Cases/11_Bens/11b_BensNew/TC_11b1_BensNew - Verifica Intestazioni" classname="Test Cases/11_Bens/11b_BensNew/TC_11b1_BensNew - Verifica Intestazioni" status="FAILED">
         <failure type="FAILED" message="Unable to click on object 'Object Repository/00_Page_MenuCheck/NavArrows/ProdLinesArrow_opn' (Root cause: org.openqa.selenium.WebDriverException: unknown error: Element &lt;md-icon md-svg-icon=&quot;js/widgets/sidebar/img/CommonUX_Down_24.svg&quot; class=&quot;u-pull-right ng-scope&quot; ng-if=&quot;sidebar.prodLinesIsOpen&quot; ng-click=&quot;sidebar.prodLinesIsOpen = false&quot; role=&quot;button&quot; tabindex=&quot;0&quot; aria-label=&quot;js/widgets/sidebar/img/CommonUX_Down_24.svg&quot;>...&lt;/md-icon> is not clickable at point (369, 138). Other element would receive the click: &lt;li class=&quot;with-submenu&quot;>...&lt;/li>
  (Session info: chrome=62.0.3202.94)
  (Driver info: chromedriver=2.33.506120 (e3e53437346286c0bc2d2dc9aa4915ba81d9023f),platform=Windows NT 10.0.15063 x86_64) (WARNING: The server did not provide any stacktrace information)
Command duration or timeout: 0 milliseconds
Build info: version: '3.7.1', revision: '8a0099a', time: '2017-11-06T21:07:36.161Z'
System info: host: 'WORKPC', ip: '192.168.56.1', os.name: 'Windows 10', os.arch: 'amd64', os.version: '10.0', java.version: '1.8.0_102'
Driver info: com.kms.katalon.selenium.driver.CChromeDriver
Capabilities {acceptSslCerts: true, applicationCacheEnabled: false, browserConnectionEnabled: false, browserName: chrome, chrome: {chromedriverVersion: 2.33.506120 (e3e53437346286..., userDataDir: C:\Users\WorkPC\AppData\Loc...}, cssSelectorsEnabled: true, databaseEnabled: false, handlesAlerts: true, hasTouchScreen: false, javascriptEnabled: true, locationContextEnabled: true, mobileEmulationEnabled: false, nativeEvents: true, networkConnectionEnabled: false, pageLoadStrategy: normal, platform: XP, platformName: XP, rotatable: false, setWindowRect: true, takesHeapSnapshot: true, takesScreenshot: true, unexpectedAlertBehaviour: , unhandledPromptBehavior: , version: 62.0.3202.94, webStorageEnabled: true}
Session ID: dac0a0b624fbf4685af2c31a61db847c)"/>
         <system-out><![CDATA[2017-12-05 18:27:55 - [TEST_CASE][FAILED] - Test Cases/11_Bens/11b_BensNew/TC_11b1_BensNew - Verifica Intestazioni: Test Cases/11_Bens/11b_BensNew/TC_11b1_BensNew - Verifica Intestazioni FAILED because (of) Unable to click on object 'Object Repository/00_Page_MenuCheck/NavArrows/ProdLinesArrow_opn' (Root cause: org.openqa.selenium.WebDriverException: unknown error: Element <md-icon md-svg-icon="js/widgets/sidebar/img/CommonUX_Down_24.svg" class="u-pull-right ng-scope" ng-if="sidebar.prodLinesIsOpen" ng-click="sidebar.prodLinesIsOpen = false" role="button" tabindex="0" aria-label="js/widgets/sidebar/img/CommonUX_Down_24.svg">...</md-icon> is not clickable at point (369, 138). Other element would receive the click: <li class="with-submenu">...</li>
  (Session info: chrome=62.0.3202.94)
  (Driver info: chromedriver=2.33.506120 (e3e53437346286c0bc2d2dc9aa4915ba81d9023f),platform=Windows NT 10.0.15063 x86_64) (WARNING: The server did not provide any stacktrace information)
Command duration or timeout: 0 milliseconds
Build info: version: '3.7.1', revision: '8a0099a', time: '2017-11-06T21:07:36.161Z'
System info: host: 'WORKPC', ip: '192.168.56.1', os.name: 'Windows 10', os.arch: 'amd64', os.version: '10.0', java.version: '1.8.0_102'
Driver info: com.kms.katalon.selenium.driver.CChromeDriver
Capabilities {acceptSslCerts: true, applicationCacheEnabled: false, browserConnectionEnabled: false, browserName: chrome, chrome: {chromedriverVersion: 2.33.506120 (e3e53437346286..., userDataDir: C:\Users\WorkPC\AppData\Loc...}, cssSelectorsEnabled: true, databaseEnabled: false, handlesAlerts: true, hasTouchScreen: false, javascriptEnabled: true, locationContextEnabled: true, mobileEmulationEnabled: false, nativeEvents: true, networkConnectionEnabled: false, pageLoadStrategy: normal, platform: XP, platformName: XP, rotatable: false, setWindowRect: true, takesHeapSnapshot: true, takesScreenshot: true, unexpectedAlertBehaviour: , unhandledPromptBehavior: , version: 62.0.3202.94, webStorageEnabled: true}
Session ID: dac0a0b624fbf4685af2c31a61db847c)

2017-12-05 18:27:55 - [TEST_STEP][PASSED] - callTestCase: Call Test Case 'Test Cases/utilities/TC_0c-Login Corretto - ReUse' successfully

2017-12-05 18:27:56 - [TEST_CASE][PASSED] - Test Cases/utilities/TC_0c-Login Corretto - ReUse: Test Cases/utilities/TC_0c-Login Corretto - ReUse

2017-12-05 18:27:56 - [TEST_STEP][PASSED] - callTestCase: Call Test Case 'Test Cases/utilities/TC_0b_apertura pagina di login - ReUse' successfully

2017-12-05 18:27:56 - [TEST_CASE][PASSED] - Test Cases/utilities/TC_0b_apertura pagina di login - ReUse: Test Cases/utilities/TC_0b_apertura pagina di login - ReUse

2017-12-05 18:27:56 - [TEST_STEP][PASSED] - openBrowser: Browser is opened with url: ''

2017-12-05 18:27:58 - [MESSAGE][PASSED] - Browser is opened with url: ''

2017-12-05 18:27:58 - [TEST_STEP][PASSED] - maximizeWindow: Current window maximized

2017-12-05 18:27:59 - [MESSAGE][PASSED] - Current window maximized

2017-12-05 18:27:59 - [TEST_STEP][PASSED] - navigateToUrl: Navigate to 'http://bengen' successfully

2017-12-05 18:27:59 - [MESSAGE][PASSED] - Navigate to 'http://bengen' successfully

2017-12-05 18:27:59 - [TEST_STEP][PASSED] - verifyElementPresent: Object 'Object Repository/00_Page_ABB BenGen Authentication/ABB_logo' is present

2017-12-05 18:27:59 - [MESSAGE][WARNING] - Timeout '0' is invalid. Using default page load timeout: '30'

2017-12-05 18:28:00 - [MESSAGE][PASSED] - Object 'Object Repository/00_Page_ABB BenGen Authentication/ABB_logo' is present

2017-12-05 18:28:00 - [TEST_STEP][PASSED] - verifyElementPresent: Object 'Object Repository/00_Page_ABB BenGen Authentication/input_pass' is present

2017-12-05 18:28:00 - [MESSAGE][WARNING] - Timeout '0' is invalid. Using default page load timeout: '30'

2017-12-05 18:28:00 - [MESSAGE][PASSED] - Object 'Object Repository/00_Page_ABB BenGen Authentication/input_pass' is present

2017-12-05 18:28:00 - [TEST_STEP][PASSED] - verifyElementPresent: Object 'Object Repository/00_Page_ABB BenGen Authentication/input_user' is present

2017-12-05 18:28:00 - [MESSAGE][WARNING] - Timeout '0' is invalid. Using default page load timeout: '30'

2017-12-05 18:28:00 - [MESSAGE][PASSED] - Object 'Object Repository/00_Page_ABB BenGen Authentication/input_user' is present

2017-12-05 18:28:00 - [TEST_STEP][PASSED] - verifyElementPresent: Object 'Object Repository/00_Page_ABB BenGen Authentication/button_Login' is present

2017-12-05 18:28:00 - [MESSAGE][WARNING] - Timeout '0' is invalid. Using default page load timeout: '30'

2017-12-05 18:28:00 - [MESSAGE][PASSED] - Object 'Object Repository/00_Page_ABB BenGen Authentication/button_Login' is present

2017-12-05 18:28:00 - [MESSAGE][PASSED] - Call Test Case 'Test Cases/utilities/TC_0b_apertura pagina di login - ReUse' successfully

2017-12-05 18:28:00 - [TEST_STEP][PASSED] - setText: Text 'admin@admin.it' is set on object 'Object Repository/00_Page_ABB BenGen Authentication/input_user'

2017-12-05 18:28:00 - [MESSAGE][PASSED] - Text 'admin@admin.it' is set on object 'Object Repository/00_Page_ABB BenGen Authentication/input_user'

2017-12-05 18:28:00 - [TEST_STEP][PASSED] - setText: Text 'admin' is set on object 'Object Repository/00_Page_ABB BenGen Authentication/input_pass'

2017-12-05 18:28:00 - [MESSAGE][PASSED] - Text 'admin' is set on object 'Object Repository/00_Page_ABB BenGen Authentication/input_pass'

2017-12-05 18:28:00 - [TEST_STEP][PASSED] - click: Object: 'Object Repository/00_Page_ABB BenGen Authentication/button_Login' is clicked on

2017-12-05 18:28:01 - [MESSAGE][PASSED] - Object: 'Object Repository/00_Page_ABB BenGen Authentication/button_Login' is clicked on

2017-12-05 18:28:01 - [TEST_STEP][PASSED] - waitForElementPresent: Object 'Object Repository/00_Page_Aurora Vision BenGen/a_Aurora Vision Backoffice' is present

2017-12-05 18:28:04 - [MESSAGE][PASSED] - Object 'Object Repository/00_Page_Aurora Vision BenGen/a_Aurora Vision Backoffice' is present

2017-12-05 18:28:04 - [TEST_STEP][PASSED] - Statement - selfWindowTitle = com.kms.katalon.core.webui.keyword.WebUiBuiltInKeywords.getWindowTitle(): Current window's title is: 'Aurora Vision BenGen'

2017-12-05 18:28:04 - [MESSAGE][PASSED] - Current window's title is: 'Aurora Vision BenGen'

2017-12-05 18:28:04 - [TEST_STEP][PASSED] - verifyEqual: Actual object 'Aurora Vision BenGen' and expected object 'Aurora Vision BenGen' are equal

2017-12-05 18:28:04 - [MESSAGE][PASSED] - Actual object 'Aurora Vision BenGen' and expected object 'Aurora Vision BenGen' are equal

2017-12-05 18:28:04 - [MESSAGE][PASSED] - Call Test Case 'Test Cases/utilities/TC_0c-Login Corretto - ReUse' successfully

2017-12-05 18:28:04 - [TEST_STEP][PASSED] - Statement - viewPort = com.kms.katalon.core.webui.keyword.WebUiBuiltInKeywords.getViewportWidth(): Viewport width is 1366

2017-12-05 18:28:04 - [MESSAGE][PASSED] - Viewport width is 1366

2017-12-05 18:28:04 - [TEST_STEP][PASSED] - Statement - If (viewPort < 1400): Object: 'Object Repository/00_Page_MenuCheck/MenuResponsiveArrow' is clicked on

2017-12-05 18:28:04 - [TEST_STEP][PASSED] - click: Object: 'Object Repository/00_Page_MenuCheck/MenuResponsiveArrow' is clicked on

2017-12-05 18:28:04 - [MESSAGE][PASSED] - Object: 'Object Repository/00_Page_MenuCheck/MenuResponsiveArrow' is clicked on

2017-12-05 18:28:04 - [TEST_STEP][PASSED] - focus: Object: 'Object Repository/00_Page_MenuCheck/NavArrows/ProdLinesArrow_opn' is focused

2017-12-05 18:28:04 - [MESSAGE][PASSED] - Object: 'Object Repository/00_Page_MenuCheck/NavArrows/ProdLinesArrow_opn' is focused

2017-12-05 18:28:04 - [TEST_STEP][FAILED] - click: Unable to click on object 'Object Repository/00_Page_MenuCheck/NavArrows/ProdLinesArrow_opn' (Root cause: org.openqa.selenium.WebDriverException: unknown error: Element <md-icon md-svg-icon="js/widgets/sidebar/img/CommonUX_Down_24.svg" class="u-pull-right ng-scope" ng-if="sidebar.prodLinesIsOpen" ng-click="sidebar.prodLinesIsOpen = false" role="button" tabindex="0" aria-label="js/widgets/sidebar/img/CommonUX_Down_24.svg">...</md-icon> is not clickable at point (369, 138). Other element would receive the click: <li class="with-submenu">...</li>
  (Session info: chrome=62.0.3202.94)
  (Driver info: chromedriver=2.33.506120 (e3e53437346286c0bc2d2dc9aa4915ba81d9023f),platform=Windows NT 10.0.15063 x86_64) (WARNING: The server did not provide any stacktrace information)
Command duration or timeout: 0 milliseconds
Build info: version: '3.7.1', revision: '8a0099a', time: '2017-11-06T21:07:36.161Z'
System info: host: 'WORKPC', ip: '192.168.56.1', os.name: 'Windows 10', os.arch: 'amd64', os.version: '10.0', java.version: '1.8.0_102'
Driver info: com.kms.katalon.selenium.driver.CChromeDriver
Capabilities {acceptSslCerts: true, applicationCacheEnabled: false, browserConnectionEnabled: false, browserName: chrome, chrome: {chromedriverVersion: 2.33.506120 (e3e53437346286..., userDataDir: C:\Users\WorkPC\AppData\Loc...}, cssSelectorsEnabled: true, databaseEnabled: false, handlesAlerts: true, hasTouchScreen: false, javascriptEnabled: true, locationContextEnabled: true, mobileEmulationEnabled: false, nativeEvents: true, networkConnectionEnabled: false, pageLoadStrategy: normal, platform: XP, platformName: XP, rotatable: false, setWindowRect: true, takesHeapSnapshot: true, takesScreenshot: true, unexpectedAlertBehaviour: , unhandledPromptBehavior: , version: 62.0.3202.94, webStorageEnabled: true}
Session ID: dac0a0b624fbf4685af2c31a61db847c)

2017-12-05 18:28:05 - [MESSAGE][FAILED] - Unable to click on object 'Object Repository/00_Page_MenuCheck/NavArrows/ProdLinesArrow_opn' (Root cause: org.openqa.selenium.WebDriverException: unknown error: Element <md-icon md-svg-icon="js/widgets/sidebar/img/CommonUX_Down_24.svg" class="u-pull-right ng-scope" ng-if="sidebar.prodLinesIsOpen" ng-click="sidebar.prodLinesIsOpen = false" role="button" tabindex="0" aria-label="js/widgets/sidebar/img/CommonUX_Down_24.svg">...</md-icon> is not clickable at point (369, 138). Other element would receive the click: <li class="with-submenu">...</li>
  (Session info: chrome=62.0.3202.94)
  (Driver info: chromedriver=2.33.506120 (e3e53437346286c0bc2d2dc9aa4915ba81d9023f),platform=Windows NT 10.0.15063 x86_64) (WARNING: The server did not provide any stacktrace information)
Command duration or timeout: 0 milliseconds
Build info: version: '3.7.1', revision: '8a0099a', time: '2017-11-06T21:07:36.161Z'
System info: host: 'WORKPC', ip: '192.168.56.1', os.name: 'Windows 10', os.arch: 'amd64', os.version: '10.0', java.version: '1.8.0_102'
Driver info: com.kms.katalon.selenium.driver.CChromeDriver
Capabilities {acceptSslCerts: true, applicationCacheEnabled: false, browserConnectionEnabled: false, browserName: chrome, chrome: {chromedriverVersion: 2.33.506120 (e3e53437346286..., userDataDir: C:\Users\WorkPC\AppData\Loc...}, cssSelectorsEnabled: true, databaseEnabled: false, handlesAlerts: true, hasTouchScreen: false, javascriptEnabled: true, locationContextEnabled: true, mobileEmulationEnabled: false, nativeEvents: true, networkConnectionEnabled: false, pageLoadStrategy: normal, platform: XP, platformName: XP, rotatable: false, setWindowRect: true, takesHeapSnapshot: true, takesScreenshot: true, unexpectedAlertBehaviour: , unhandledPromptBehavior: , version: 62.0.3202.94, webStorageEnabled: true}
Session ID: dac0a0b624fbf4685af2c31a61db847c)
[[ATTACHMENT|D:\\ABB\\ABB_KatTest1\\ABB_Test_Test\\Reports\\TS_Units\\TS_11_Bens\\20171205_182106\\1512494884654.png]]]]></system-out>
         <system-err><![CDATA[2017-12-05 18:27:55 - [TEST_CASE][FAILED] - Test Cases/11_Bens/11b_BensNew/TC_11b1_BensNew - Verifica Intestazioni: Test Cases/11_Bens/11b_BensNew/TC_11b1_BensNew - Verifica Intestazioni FAILED because (of) Unable to click on object 'Object Repository/00_Page_MenuCheck/NavArrows/ProdLinesArrow_opn' (Root cause: org.openqa.selenium.WebDriverException: unknown error: Element <md-icon md-svg-icon="js/widgets/sidebar/img/CommonUX_Down_24.svg" class="u-pull-right ng-scope" ng-if="sidebar.prodLinesIsOpen" ng-click="sidebar.prodLinesIsOpen = false" role="button" tabindex="0" aria-label="js/widgets/sidebar/img/CommonUX_Down_24.svg">...</md-icon> is not clickable at point (369, 138). Other element would receive the click: <li class="with-submenu">...</li>
  (Session info: chrome=62.0.3202.94)
  (Driver info: chromedriver=2.33.506120 (e3e53437346286c0bc2d2dc9aa4915ba81d9023f),platform=Windows NT 10.0.15063 x86_64) (WARNING: The server did not provide any stacktrace information)
Command duration or timeout: 0 milliseconds
Build info: version: '3.7.1', revision: '8a0099a', time: '2017-11-06T21:07:36.161Z'
System info: host: 'WORKPC', ip: '192.168.56.1', os.name: 'Windows 10', os.arch: 'amd64', os.version: '10.0', java.version: '1.8.0_102'
Driver info: com.kms.katalon.selenium.driver.CChromeDriver
Capabilities {acceptSslCerts: true, applicationCacheEnabled: false, browserConnectionEnabled: false, browserName: chrome, chrome: {chromedriverVersion: 2.33.506120 (e3e53437346286..., userDataDir: C:\Users\WorkPC\AppData\Loc...}, cssSelectorsEnabled: true, databaseEnabled: false, handlesAlerts: true, hasTouchScreen: false, javascriptEnabled: true, locationContextEnabled: true, mobileEmulationEnabled: false, nativeEvents: true, networkConnectionEnabled: false, pageLoadStrategy: normal, platform: XP, platformName: XP, rotatable: false, setWindowRect: true, takesHeapSnapshot: true, takesScreenshot: true, unexpectedAlertBehaviour: , unhandledPromptBehavior: , version: 62.0.3202.94, webStorageEnabled: true}
Session ID: dac0a0b624fbf4685af2c31a61db847c)]]></system-err>
      </testcase>
      <system-out><![CDATA[2017-12-05 18:27:36 - [TEST_SUITE][FAILED] - TS_11_Bens: Test Cases/11_Bens/11b_BensNew/TC_11b1_BensNew - Verifica Intestazioni FAILED because (of) Unable to click on object 'Object Repository/00_Page_MenuCheck/NavArrows/ProdLinesArrow_opn' (Root cause: org.openqa.selenium.WebDriverException: unknown error: Element <md-icon md-svg-icon="js/widgets/sidebar/img/CommonUX_Down_24.svg" class="u-pull-right ng-scope" ng-if="sidebar.prodLinesIsOpen" ng-click="sidebar.prodLinesIsOpen = false" role="button" tabindex="0" aria-label="js/widgets/sidebar/img/CommonUX_Down_24.svg">...</md-icon> is not clickable at point (369, 138). Other element would receive the click: <li class="with-submenu">...</li>
  (Session info: chrome=62.0.3202.94)
  (Driver info: chromedriver=2.33.506120 (e3e53437346286c0bc2d2dc9aa4915ba81d9023f),platform=Windows NT 10.0.15063 x86_64) (WARNING: The server did not provide any stacktrace information)
Command duration or timeout: 0 milliseconds
Build info: version: '3.7.1', revision: '8a0099a', time: '2017-11-06T21:07:36.161Z'
System info: host: 'WORKPC', ip: '192.168.56.1', os.name: 'Windows 10', os.arch: 'amd64', os.version: '10.0', java.version: '1.8.0_102'
Driver info: com.kms.katalon.selenium.driver.CChromeDriver
Capabilities {acceptSslCerts: true, applicationCacheEnabled: false, browserConnectionEnabled: false, browserName: chrome, chrome: {chromedriverVersion: 2.33.506120 (e3e53437346286..., userDataDir: C:\Users\WorkPC\AppData\Loc...}, cssSelectorsEnabled: true, databaseEnabled: false, handlesAlerts: true, hasTouchScreen: false, javascriptEnabled: true, locationContextEnabled: true, mobileEmulationEnabled: false, nativeEvents: true, networkConnectionEnabled: false, pageLoadStrategy: normal, platform: XP, platformName: XP, rotatable: false, setWindowRect: true, takesHeapSnapshot: true, takesScreenshot: true, unexpectedAlertBehaviour: , unhandledPromptBehavior: , version: 62.0.3202.94, webStorageEnabled: true}
Session ID: dac0a0b624fbf4685af2c31a61db847c)]]></system-out>
      <system-err><![CDATA[2017-12-05 18:27:36 - [TEST_SUITE][FAILED] - TS_11_Bens: Test Cases/11_Bens/11b_BensNew/TC_11b1_BensNew - Verifica Intestazioni FAILED because (of) Unable to click on object 'Object Repository/00_Page_MenuCheck/NavArrows/ProdLinesArrow_opn' (Root cause: org.openqa.selenium.WebDriverException: unknown error: Element <md-icon md-svg-icon="js/widgets/sidebar/img/CommonUX_Down_24.svg" class="u-pull-right ng-scope" ng-if="sidebar.prodLinesIsOpen" ng-click="sidebar.prodLinesIsOpen = false" role="button" tabindex="0" aria-label="js/widgets/sidebar/img/CommonUX_Down_24.svg">...</md-icon> is not clickable at point (369, 138). Other element would receive the click: <li class="with-submenu">...</li>
  (Session info: chrome=62.0.3202.94)
  (Driver info: chromedriver=2.33.506120 (e3e53437346286c0bc2d2dc9aa4915ba81d9023f),platform=Windows NT 10.0.15063 x86_64) (WARNING: The server did not provide any stacktrace information)
Command duration or timeout: 0 milliseconds
Build info: version: '3.7.1', revision: '8a0099a', time: '2017-11-06T21:07:36.161Z'
System info: host: 'WORKPC', ip: '192.168.56.1', os.name: 'Windows 10', os.arch: 'amd64', os.version: '10.0', java.version: '1.8.0_102'
Driver info: com.kms.katalon.selenium.driver.CChromeDriver
Capabilities {acceptSslCerts: true, applicationCacheEnabled: false, browserConnectionEnabled: false, browserName: chrome, chrome: {chromedriverVersion: 2.33.506120 (e3e53437346286..., userDataDir: C:\Users\WorkPC\AppData\Loc...}, cssSelectorsEnabled: true, databaseEnabled: false, handlesAlerts: true, hasTouchScreen: false, javascriptEnabled: true, locationContextEnabled: true, mobileEmulationEnabled: false, nativeEvents: true, networkConnectionEnabled: false, pageLoadStrategy: normal, platform: XP, platformName: XP, rotatable: false, setWindowRect: true, takesHeapSnapshot: true, takesScreenshot: true, unexpectedAlertBehaviour: , unhandledPromptBehavior: , version: 62.0.3202.94, webStorageEnabled: true}
Session ID: dac0a0b624fbf4685af2c31a61db847c)]]></system-err>
   </testsuite>
</testsuites>
