<?xml version="1.0" encoding="UTF-8"?>
<testsuites name="TS_08_LogicalDevices" time="15" tests="0" failures="1" errors="0">
   <testsuite name="TS_08_LogicalDevices" tests="0" failures="1" errors="0" time="15" timestamp="2017-12-05 18:26:13" hostname="WorkPC - WorkPC" id="Test Suites/TS_Units/TS_08_LogicalDevices">
      <properties>
         <property name="deviceName" value=""/>
         <property name="devicePlatform" value=""/>
         <property name="logFolder" value="D:\\ABB\\ABB_KatTest1\\ABB_Test_Test\\Reports\\TS_Units\\TS_08_LogicalDevices\\20171205_182106"/>
         <property name="logFiles" value="D:\\ABB\\ABB_KatTest1\\ABB_Test_Test\\Reports\\TS_Units\\TS_08_LogicalDevices\\20171205_182106\\execution0.log"/>
         <property name="attachments" value="D:\\ABB\\ABB_KatTest1\\ABB_Test_Test\\Reports\\TS_Units\\TS_08_LogicalDevices\\20171205_182106\\1512494788167.png"/>
         <property name="hostName" value="WorkPC - WorkPC"/>
         <property name="os" value="Windows 10 64bit"/>
         <property name="katalonVersion" value="5.1.0.2"/>
         <property name="browser" value="Chrome 62.0.3202.94"/>
         <property name="hostAddress" value="192.168.56.1"/>
         <property name="sessionId" value="dae1a31f9152c2ebc334bc4e0a928184"/>
         <property name="seleniumVersion" value="3.7.1"/>
         <property name="proxyInformation" value="ProxyInformation{proxyOption=NO_PROXY, proxyServerType=HTTP, password=, proxyServerAddress=, proxyServerPort=0}"/>
         <property name="platform" value="Windows 10"/>
      </properties>
      <testcase name="Test Cases/08_LogicalDevices/TC_081_Logical Devices - Verifica Intestazioni" classname="Test Cases/08_LogicalDevices/TC_081_Logical Devices - Verifica Intestazioni" status="FAILED">
         <failure type="FAILED" message="Unable to click on object 'Object Repository/00_Page_MenuCheck/NavArrows/ProdLinesArrow_opn' (Root cause: org.openqa.selenium.WebDriverException: unknown error: Element &lt;md-icon md-svg-icon=&quot;js/widgets/sidebar/img/CommonUX_Down_24.svg&quot; class=&quot;u-pull-right ng-scope&quot; ng-if=&quot;sidebar.prodLinesIsOpen&quot; ng-click=&quot;sidebar.prodLinesIsOpen = false&quot; role=&quot;button&quot; tabindex=&quot;0&quot; aria-label=&quot;js/widgets/sidebar/img/CommonUX_Down_24.svg&quot;>...&lt;/md-icon> is not clickable at point (386, 138). Other element would receive the click: &lt;li class=&quot;with-submenu&quot;>...&lt;/li>
  (Session info: chrome=62.0.3202.94)
  (Driver info: chromedriver=2.33.506120 (e3e53437346286c0bc2d2dc9aa4915ba81d9023f),platform=Windows NT 10.0.15063 x86_64) (WARNING: The server did not provide any stacktrace information)
Command duration or timeout: 0 milliseconds
Build info: version: '3.7.1', revision: '8a0099a', time: '2017-11-06T21:07:36.161Z'
System info: host: 'WORKPC', ip: '192.168.56.1', os.name: 'Windows 10', os.arch: 'amd64', os.version: '10.0', java.version: '1.8.0_102'
Driver info: com.kms.katalon.selenium.driver.CChromeDriver
Capabilities {acceptSslCerts: true, applicationCacheEnabled: false, browserConnectionEnabled: false, browserName: chrome, chrome: {chromedriverVersion: 2.33.506120 (e3e53437346286..., userDataDir: C:\Users\WorkPC\AppData\Loc...}, cssSelectorsEnabled: true, databaseEnabled: false, handlesAlerts: true, hasTouchScreen: false, javascriptEnabled: true, locationContextEnabled: true, mobileEmulationEnabled: false, nativeEvents: true, networkConnectionEnabled: false, pageLoadStrategy: normal, platform: XP, platformName: XP, rotatable: false, setWindowRect: true, takesHeapSnapshot: true, takesScreenshot: true, unexpectedAlertBehaviour: , unhandledPromptBehavior: , version: 62.0.3202.94, webStorageEnabled: true}
Session ID: dae1a31f9152c2ebc334bc4e0a928184)"/>
         <system-out><![CDATA[2017-12-05 18:26:13 - [TEST_CASE][FAILED] - Test Cases/08_LogicalDevices/TC_081_Logical Devices - Verifica Intestazioni: Test Cases/08_LogicalDevices/TC_081_Logical Devices - Verifica Intestazioni FAILED because (of) Unable to click on object 'Object Repository/00_Page_MenuCheck/NavArrows/ProdLinesArrow_opn' (Root cause: org.openqa.selenium.WebDriverException: unknown error: Element <md-icon md-svg-icon="js/widgets/sidebar/img/CommonUX_Down_24.svg" class="u-pull-right ng-scope" ng-if="sidebar.prodLinesIsOpen" ng-click="sidebar.prodLinesIsOpen = false" role="button" tabindex="0" aria-label="js/widgets/sidebar/img/CommonUX_Down_24.svg">...</md-icon> is not clickable at point (386, 138). Other element would receive the click: <li class="with-submenu">...</li>
  (Session info: chrome=62.0.3202.94)
  (Driver info: chromedriver=2.33.506120 (e3e53437346286c0bc2d2dc9aa4915ba81d9023f),platform=Windows NT 10.0.15063 x86_64) (WARNING: The server did not provide any stacktrace information)
Command duration or timeout: 0 milliseconds
Build info: version: '3.7.1', revision: '8a0099a', time: '2017-11-06T21:07:36.161Z'
System info: host: 'WORKPC', ip: '192.168.56.1', os.name: 'Windows 10', os.arch: 'amd64', os.version: '10.0', java.version: '1.8.0_102'
Driver info: com.kms.katalon.selenium.driver.CChromeDriver
Capabilities {acceptSslCerts: true, applicationCacheEnabled: false, browserConnectionEnabled: false, browserName: chrome, chrome: {chromedriverVersion: 2.33.506120 (e3e53437346286..., userDataDir: C:\Users\WorkPC\AppData\Loc...}, cssSelectorsEnabled: true, databaseEnabled: false, handlesAlerts: true, hasTouchScreen: false, javascriptEnabled: true, locationContextEnabled: true, mobileEmulationEnabled: false, nativeEvents: true, networkConnectionEnabled: false, pageLoadStrategy: normal, platform: XP, platformName: XP, rotatable: false, setWindowRect: true, takesHeapSnapshot: true, takesScreenshot: true, unexpectedAlertBehaviour: , unhandledPromptBehavior: , version: 62.0.3202.94, webStorageEnabled: true}
Session ID: dae1a31f9152c2ebc334bc4e0a928184)

2017-12-05 18:26:15 - [TEST_STEP][PASSED] - callTestCase: Call Test Case 'Test Cases/utilities/TC_0c-Login Corretto - ReUse' successfully

2017-12-05 18:26:15 - [TEST_CASE][PASSED] - Test Cases/utilities/TC_0c-Login Corretto - ReUse: Test Cases/utilities/TC_0c-Login Corretto - ReUse

2017-12-05 18:26:15 - [TEST_STEP][PASSED] - callTestCase: Call Test Case 'Test Cases/utilities/TC_0b_apertura pagina di login - ReUse' successfully

2017-12-05 18:26:16 - [TEST_CASE][PASSED] - Test Cases/utilities/TC_0b_apertura pagina di login - ReUse: Test Cases/utilities/TC_0b_apertura pagina di login - ReUse

2017-12-05 18:26:16 - [TEST_STEP][PASSED] - openBrowser: Browser is opened with url: ''

2017-12-05 18:26:20 - [MESSAGE][PASSED] - Browser is opened with url: ''

2017-12-05 18:26:20 - [TEST_STEP][PASSED] - maximizeWindow: Current window maximized

2017-12-05 18:26:21 - [MESSAGE][PASSED] - Current window maximized

2017-12-05 18:26:21 - [TEST_STEP][PASSED] - navigateToUrl: Navigate to 'http://bengen' successfully

2017-12-05 18:26:22 - [MESSAGE][PASSED] - Navigate to 'http://bengen' successfully

2017-12-05 18:26:22 - [TEST_STEP][PASSED] - verifyElementPresent: Object 'Object Repository/00_Page_ABB BenGen Authentication/ABB_logo' is present

2017-12-05 18:26:22 - [MESSAGE][WARNING] - Timeout '0' is invalid. Using default page load timeout: '30'

2017-12-05 18:26:22 - [MESSAGE][PASSED] - Object 'Object Repository/00_Page_ABB BenGen Authentication/ABB_logo' is present

2017-12-05 18:26:22 - [TEST_STEP][PASSED] - verifyElementPresent: Object 'Object Repository/00_Page_ABB BenGen Authentication/input_pass' is present

2017-12-05 18:26:22 - [MESSAGE][WARNING] - Timeout '0' is invalid. Using default page load timeout: '30'

2017-12-05 18:26:22 - [MESSAGE][PASSED] - Object 'Object Repository/00_Page_ABB BenGen Authentication/input_pass' is present

2017-12-05 18:26:22 - [TEST_STEP][PASSED] - verifyElementPresent: Object 'Object Repository/00_Page_ABB BenGen Authentication/input_user' is present

2017-12-05 18:26:22 - [MESSAGE][WARNING] - Timeout '0' is invalid. Using default page load timeout: '30'

2017-12-05 18:26:23 - [MESSAGE][PASSED] - Object 'Object Repository/00_Page_ABB BenGen Authentication/input_user' is present

2017-12-05 18:26:23 - [TEST_STEP][PASSED] - verifyElementPresent: Object 'Object Repository/00_Page_ABB BenGen Authentication/button_Login' is present

2017-12-05 18:26:23 - [MESSAGE][WARNING] - Timeout '0' is invalid. Using default page load timeout: '30'

2017-12-05 18:26:23 - [MESSAGE][PASSED] - Object 'Object Repository/00_Page_ABB BenGen Authentication/button_Login' is present

2017-12-05 18:26:23 - [MESSAGE][PASSED] - Call Test Case 'Test Cases/utilities/TC_0b_apertura pagina di login - ReUse' successfully

2017-12-05 18:26:23 - [TEST_STEP][PASSED] - setText: Text 'admin@admin.it' is set on object 'Object Repository/00_Page_ABB BenGen Authentication/input_user'

2017-12-05 18:26:23 - [MESSAGE][PASSED] - Text 'admin@admin.it' is set on object 'Object Repository/00_Page_ABB BenGen Authentication/input_user'

2017-12-05 18:26:23 - [TEST_STEP][PASSED] - setText: Text 'admin' is set on object 'Object Repository/00_Page_ABB BenGen Authentication/input_pass'

2017-12-05 18:26:24 - [MESSAGE][PASSED] - Text 'admin' is set on object 'Object Repository/00_Page_ABB BenGen Authentication/input_pass'

2017-12-05 18:26:24 - [TEST_STEP][PASSED] - click: Object: 'Object Repository/00_Page_ABB BenGen Authentication/button_Login' is clicked on

2017-12-05 18:26:24 - [MESSAGE][PASSED] - Object: 'Object Repository/00_Page_ABB BenGen Authentication/button_Login' is clicked on

2017-12-05 18:26:24 - [TEST_STEP][PASSED] - waitForElementPresent: Object 'Object Repository/00_Page_Aurora Vision BenGen/a_Aurora Vision Backoffice' is present

2017-12-05 18:26:27 - [MESSAGE][PASSED] - Object 'Object Repository/00_Page_Aurora Vision BenGen/a_Aurora Vision Backoffice' is present

2017-12-05 18:26:27 - [TEST_STEP][PASSED] - Statement - selfWindowTitle = com.kms.katalon.core.webui.keyword.WebUiBuiltInKeywords.getWindowTitle(): Current window's title is: 'Aurora Vision BenGen'

2017-12-05 18:26:27 - [MESSAGE][PASSED] - Current window's title is: 'Aurora Vision BenGen'

2017-12-05 18:26:27 - [TEST_STEP][PASSED] - verifyEqual: Actual object 'Aurora Vision BenGen' and expected object 'Aurora Vision BenGen' are equal

2017-12-05 18:26:27 - [MESSAGE][PASSED] - Actual object 'Aurora Vision BenGen' and expected object 'Aurora Vision BenGen' are equal

2017-12-05 18:26:27 - [MESSAGE][PASSED] - Call Test Case 'Test Cases/utilities/TC_0c-Login Corretto - ReUse' successfully

2017-12-05 18:26:27 - [TEST_STEP][PASSED] - Statement - viewPort = com.kms.katalon.core.webui.keyword.WebUiBuiltInKeywords.getViewportWidth(): Viewport width is 1366

2017-12-05 18:26:27 - [MESSAGE][PASSED] - Viewport width is 1366

2017-12-05 18:26:27 - [TEST_STEP][PASSED] - Statement - If (viewPort < 1400): Object: 'Object Repository/00_Page_MenuCheck/MenuResponsiveArrow' is clicked on

2017-12-05 18:26:27 - [TEST_STEP][PASSED] - click: Object: 'Object Repository/00_Page_MenuCheck/MenuResponsiveArrow' is clicked on

2017-12-05 18:26:27 - [MESSAGE][PASSED] - Object: 'Object Repository/00_Page_MenuCheck/MenuResponsiveArrow' is clicked on

2017-12-05 18:26:27 - [TEST_STEP][PASSED] - focus: Object: 'Object Repository/00_Page_MenuCheck/NavArrows/ProdLinesArrow_opn' is focused

2017-12-05 18:26:27 - [MESSAGE][PASSED] - Object: 'Object Repository/00_Page_MenuCheck/NavArrows/ProdLinesArrow_opn' is focused

2017-12-05 18:26:27 - [TEST_STEP][FAILED] - click: Unable to click on object 'Object Repository/00_Page_MenuCheck/NavArrows/ProdLinesArrow_opn' (Root cause: org.openqa.selenium.WebDriverException: unknown error: Element <md-icon md-svg-icon="js/widgets/sidebar/img/CommonUX_Down_24.svg" class="u-pull-right ng-scope" ng-if="sidebar.prodLinesIsOpen" ng-click="sidebar.prodLinesIsOpen = false" role="button" tabindex="0" aria-label="js/widgets/sidebar/img/CommonUX_Down_24.svg">...</md-icon> is not clickable at point (386, 138). Other element would receive the click: <li class="with-submenu">...</li>
  (Session info: chrome=62.0.3202.94)
  (Driver info: chromedriver=2.33.506120 (e3e53437346286c0bc2d2dc9aa4915ba81d9023f),platform=Windows NT 10.0.15063 x86_64) (WARNING: The server did not provide any stacktrace information)
Command duration or timeout: 0 milliseconds
Build info: version: '3.7.1', revision: '8a0099a', time: '2017-11-06T21:07:36.161Z'
System info: host: 'WORKPC', ip: '192.168.56.1', os.name: 'Windows 10', os.arch: 'amd64', os.version: '10.0', java.version: '1.8.0_102'
Driver info: com.kms.katalon.selenium.driver.CChromeDriver
Capabilities {acceptSslCerts: true, applicationCacheEnabled: false, browserConnectionEnabled: false, browserName: chrome, chrome: {chromedriverVersion: 2.33.506120 (e3e53437346286..., userDataDir: C:\Users\WorkPC\AppData\Loc...}, cssSelectorsEnabled: true, databaseEnabled: false, handlesAlerts: true, hasTouchScreen: false, javascriptEnabled: true, locationContextEnabled: true, mobileEmulationEnabled: false, nativeEvents: true, networkConnectionEnabled: false, pageLoadStrategy: normal, platform: XP, platformName: XP, rotatable: false, setWindowRect: true, takesHeapSnapshot: true, takesScreenshot: true, unexpectedAlertBehaviour: , unhandledPromptBehavior: , version: 62.0.3202.94, webStorageEnabled: true}
Session ID: dae1a31f9152c2ebc334bc4e0a928184)

2017-12-05 18:26:28 - [MESSAGE][FAILED] - Unable to click on object 'Object Repository/00_Page_MenuCheck/NavArrows/ProdLinesArrow_opn' (Root cause: org.openqa.selenium.WebDriverException: unknown error: Element <md-icon md-svg-icon="js/widgets/sidebar/img/CommonUX_Down_24.svg" class="u-pull-right ng-scope" ng-if="sidebar.prodLinesIsOpen" ng-click="sidebar.prodLinesIsOpen = false" role="button" tabindex="0" aria-label="js/widgets/sidebar/img/CommonUX_Down_24.svg">...</md-icon> is not clickable at point (386, 138). Other element would receive the click: <li class="with-submenu">...</li>
  (Session info: chrome=62.0.3202.94)
  (Driver info: chromedriver=2.33.506120 (e3e53437346286c0bc2d2dc9aa4915ba81d9023f),platform=Windows NT 10.0.15063 x86_64) (WARNING: The server did not provide any stacktrace information)
Command duration or timeout: 0 milliseconds
Build info: version: '3.7.1', revision: '8a0099a', time: '2017-11-06T21:07:36.161Z'
System info: host: 'WORKPC', ip: '192.168.56.1', os.name: 'Windows 10', os.arch: 'amd64', os.version: '10.0', java.version: '1.8.0_102'
Driver info: com.kms.katalon.selenium.driver.CChromeDriver
Capabilities {acceptSslCerts: true, applicationCacheEnabled: false, browserConnectionEnabled: false, browserName: chrome, chrome: {chromedriverVersion: 2.33.506120 (e3e53437346286..., userDataDir: C:\Users\WorkPC\AppData\Loc...}, cssSelectorsEnabled: true, databaseEnabled: false, handlesAlerts: true, hasTouchScreen: false, javascriptEnabled: true, locationContextEnabled: true, mobileEmulationEnabled: false, nativeEvents: true, networkConnectionEnabled: false, pageLoadStrategy: normal, platform: XP, platformName: XP, rotatable: false, setWindowRect: true, takesHeapSnapshot: true, takesScreenshot: true, unexpectedAlertBehaviour: , unhandledPromptBehavior: , version: 62.0.3202.94, webStorageEnabled: true}
Session ID: dae1a31f9152c2ebc334bc4e0a928184)
[[ATTACHMENT|D:\\ABB\\ABB_KatTest1\\ABB_Test_Test\\Reports\\TS_Units\\TS_08_LogicalDevices\\20171205_182106\\1512494788167.png]]]]></system-out>
         <system-err><![CDATA[2017-12-05 18:26:13 - [TEST_CASE][FAILED] - Test Cases/08_LogicalDevices/TC_081_Logical Devices - Verifica Intestazioni: Test Cases/08_LogicalDevices/TC_081_Logical Devices - Verifica Intestazioni FAILED because (of) Unable to click on object 'Object Repository/00_Page_MenuCheck/NavArrows/ProdLinesArrow_opn' (Root cause: org.openqa.selenium.WebDriverException: unknown error: Element <md-icon md-svg-icon="js/widgets/sidebar/img/CommonUX_Down_24.svg" class="u-pull-right ng-scope" ng-if="sidebar.prodLinesIsOpen" ng-click="sidebar.prodLinesIsOpen = false" role="button" tabindex="0" aria-label="js/widgets/sidebar/img/CommonUX_Down_24.svg">...</md-icon> is not clickable at point (386, 138). Other element would receive the click: <li class="with-submenu">...</li>
  (Session info: chrome=62.0.3202.94)
  (Driver info: chromedriver=2.33.506120 (e3e53437346286c0bc2d2dc9aa4915ba81d9023f),platform=Windows NT 10.0.15063 x86_64) (WARNING: The server did not provide any stacktrace information)
Command duration or timeout: 0 milliseconds
Build info: version: '3.7.1', revision: '8a0099a', time: '2017-11-06T21:07:36.161Z'
System info: host: 'WORKPC', ip: '192.168.56.1', os.name: 'Windows 10', os.arch: 'amd64', os.version: '10.0', java.version: '1.8.0_102'
Driver info: com.kms.katalon.selenium.driver.CChromeDriver
Capabilities {acceptSslCerts: true, applicationCacheEnabled: false, browserConnectionEnabled: false, browserName: chrome, chrome: {chromedriverVersion: 2.33.506120 (e3e53437346286..., userDataDir: C:\Users\WorkPC\AppData\Loc...}, cssSelectorsEnabled: true, databaseEnabled: false, handlesAlerts: true, hasTouchScreen: false, javascriptEnabled: true, locationContextEnabled: true, mobileEmulationEnabled: false, nativeEvents: true, networkConnectionEnabled: false, pageLoadStrategy: normal, platform: XP, platformName: XP, rotatable: false, setWindowRect: true, takesHeapSnapshot: true, takesScreenshot: true, unexpectedAlertBehaviour: , unhandledPromptBehavior: , version: 62.0.3202.94, webStorageEnabled: true}
Session ID: dae1a31f9152c2ebc334bc4e0a928184)]]></system-err>
      </testcase>
      <system-out><![CDATA[2017-12-05 18:26:13 - [TEST_SUITE][FAILED] - TS_08_LogicalDevices: Test Cases/08_LogicalDevices/TC_081_Logical Devices - Verifica Intestazioni FAILED because (of) Unable to click on object 'Object Repository/00_Page_MenuCheck/NavArrows/ProdLinesArrow_opn' (Root cause: org.openqa.selenium.WebDriverException: unknown error: Element <md-icon md-svg-icon="js/widgets/sidebar/img/CommonUX_Down_24.svg" class="u-pull-right ng-scope" ng-if="sidebar.prodLinesIsOpen" ng-click="sidebar.prodLinesIsOpen = false" role="button" tabindex="0" aria-label="js/widgets/sidebar/img/CommonUX_Down_24.svg">...</md-icon> is not clickable at point (386, 138). Other element would receive the click: <li class="with-submenu">...</li>
  (Session info: chrome=62.0.3202.94)
  (Driver info: chromedriver=2.33.506120 (e3e53437346286c0bc2d2dc9aa4915ba81d9023f),platform=Windows NT 10.0.15063 x86_64) (WARNING: The server did not provide any stacktrace information)
Command duration or timeout: 0 milliseconds
Build info: version: '3.7.1', revision: '8a0099a', time: '2017-11-06T21:07:36.161Z'
System info: host: 'WORKPC', ip: '192.168.56.1', os.name: 'Windows 10', os.arch: 'amd64', os.version: '10.0', java.version: '1.8.0_102'
Driver info: com.kms.katalon.selenium.driver.CChromeDriver
Capabilities {acceptSslCerts: true, applicationCacheEnabled: false, browserConnectionEnabled: false, browserName: chrome, chrome: {chromedriverVersion: 2.33.506120 (e3e53437346286..., userDataDir: C:\Users\WorkPC\AppData\Loc...}, cssSelectorsEnabled: true, databaseEnabled: false, handlesAlerts: true, hasTouchScreen: false, javascriptEnabled: true, locationContextEnabled: true, mobileEmulationEnabled: false, nativeEvents: true, networkConnectionEnabled: false, pageLoadStrategy: normal, platform: XP, platformName: XP, rotatable: false, setWindowRect: true, takesHeapSnapshot: true, takesScreenshot: true, unexpectedAlertBehaviour: , unhandledPromptBehavior: , version: 62.0.3202.94, webStorageEnabled: true}
Session ID: dae1a31f9152c2ebc334bc4e0a928184)]]></system-out>
      <system-err><![CDATA[2017-12-05 18:26:13 - [TEST_SUITE][FAILED] - TS_08_LogicalDevices: Test Cases/08_LogicalDevices/TC_081_Logical Devices - Verifica Intestazioni FAILED because (of) Unable to click on object 'Object Repository/00_Page_MenuCheck/NavArrows/ProdLinesArrow_opn' (Root cause: org.openqa.selenium.WebDriverException: unknown error: Element <md-icon md-svg-icon="js/widgets/sidebar/img/CommonUX_Down_24.svg" class="u-pull-right ng-scope" ng-if="sidebar.prodLinesIsOpen" ng-click="sidebar.prodLinesIsOpen = false" role="button" tabindex="0" aria-label="js/widgets/sidebar/img/CommonUX_Down_24.svg">...</md-icon> is not clickable at point (386, 138). Other element would receive the click: <li class="with-submenu">...</li>
  (Session info: chrome=62.0.3202.94)
  (Driver info: chromedriver=2.33.506120 (e3e53437346286c0bc2d2dc9aa4915ba81d9023f),platform=Windows NT 10.0.15063 x86_64) (WARNING: The server did not provide any stacktrace information)
Command duration or timeout: 0 milliseconds
Build info: version: '3.7.1', revision: '8a0099a', time: '2017-11-06T21:07:36.161Z'
System info: host: 'WORKPC', ip: '192.168.56.1', os.name: 'Windows 10', os.arch: 'amd64', os.version: '10.0', java.version: '1.8.0_102'
Driver info: com.kms.katalon.selenium.driver.CChromeDriver
Capabilities {acceptSslCerts: true, applicationCacheEnabled: false, browserConnectionEnabled: false, browserName: chrome, chrome: {chromedriverVersion: 2.33.506120 (e3e53437346286..., userDataDir: C:\Users\WorkPC\AppData\Loc...}, cssSelectorsEnabled: true, databaseEnabled: false, handlesAlerts: true, hasTouchScreen: false, javascriptEnabled: true, locationContextEnabled: true, mobileEmulationEnabled: false, nativeEvents: true, networkConnectionEnabled: false, pageLoadStrategy: normal, platform: XP, platformName: XP, rotatable: false, setWindowRect: true, takesHeapSnapshot: true, takesScreenshot: true, unexpectedAlertBehaviour: , unhandledPromptBehavior: , version: 62.0.3202.94, webStorageEnabled: true}
Session ID: dae1a31f9152c2ebc334bc4e0a928184)]]></system-err>
   </testsuite>
</testsuites>
