<?xml version="1.0" encoding="UTF-8"?>
<testsuites name="TS_10_Bootloaders" time="29" tests="1" failures="1" errors="0">
   <testsuite name="TS_10_Bootloaders" tests="1" failures="1" errors="0" time="29" timestamp="2017-12-05 18:26:59" hostname="WorkPC - WorkPC" id="Test Suites/TS_Units/TS_10_Bootloaders">
      <properties>
         <property name="deviceName" value=""/>
         <property name="devicePlatform" value=""/>
         <property name="logFolder" value="D:\\ABB\\ABB_KatTest1\\ABB_Test_Test\\Reports\\TS_Units\\TS_10_Bootloaders\\20171205_182106"/>
         <property name="logFiles" value="D:\\ABB\\ABB_KatTest1\\ABB_Test_Test\\Reports\\TS_Units\\TS_10_Bootloaders\\20171205_182106\\execution0.log"/>
         <property name="attachments" value="D:\\ABB\\ABB_KatTest1\\ABB_Test_Test\\Reports\\TS_Units\\TS_10_Bootloaders\\20171205_182106\\1512494847152.png"/>
         <property name="hostName" value="WorkPC - WorkPC"/>
         <property name="os" value="Windows 10 64bit"/>
         <property name="katalonVersion" value="5.1.0.2"/>
         <property name="browser" value="Chrome 62.0.3202.94"/>
         <property name="hostAddress" value="192.168.56.1"/>
         <property name="sessionId" value="6db3e04abe538e50bc63693e8188f094"/>
         <property name="seleniumVersion" value="3.7.1"/>
         <property name="proxyInformation" value="ProxyInformation{proxyOption=NO_PROXY, proxyServerType=HTTP, password=, proxyServerAddress=, proxyServerPort=0}"/>
         <property name="platform" value="Windows 10"/>
      </properties>
      <testcase name="Test Cases/10_Bootloaders/10a_BootloadersList/TC_10a1_BootloadersList - Verifica Intestazioni" classname="Test Cases/10_Bootloaders/10a_BootloadersList/TC_10a1_BootloadersList - Verifica Intestazioni" status="PASSED">
         <system-out><![CDATA[2017-12-05 18:26:59 - [TEST_CASE][PASSED] - Test Cases/10_Bootloaders/10a_BootloadersList/TC_10a1_BootloadersList - Verifica Intestazioni: Test Cases/10_Bootloaders/10a_BootloadersList/TC_10a1_BootloadersList - Verifica Intestazioni

2017-12-05 18:27:00 - [TEST_STEP][PASSED] - callTestCase: Call Test Case 'Test Cases/utilities/TC_0c-Login Corretto - ReUse' successfully

2017-12-05 18:27:01 - [TEST_CASE][PASSED] - Test Cases/utilities/TC_0c-Login Corretto - ReUse: Test Cases/utilities/TC_0c-Login Corretto - ReUse

2017-12-05 18:27:01 - [TEST_STEP][PASSED] - callTestCase: Call Test Case 'Test Cases/utilities/TC_0b_apertura pagina di login - ReUse' successfully

2017-12-05 18:27:01 - [TEST_CASE][PASSED] - Test Cases/utilities/TC_0b_apertura pagina di login - ReUse: Test Cases/utilities/TC_0b_apertura pagina di login - ReUse

2017-12-05 18:27:01 - [TEST_STEP][PASSED] - openBrowser: Browser is opened with url: ''

2017-12-05 18:27:05 - [MESSAGE][PASSED] - Browser is opened with url: ''

2017-12-05 18:27:05 - [TEST_STEP][PASSED] - maximizeWindow: Current window maximized

2017-12-05 18:27:06 - [MESSAGE][PASSED] - Current window maximized

2017-12-05 18:27:06 - [TEST_STEP][PASSED] - navigateToUrl: Navigate to 'http://bengen' successfully

2017-12-05 18:27:07 - [MESSAGE][PASSED] - Navigate to 'http://bengen' successfully

2017-12-05 18:27:07 - [TEST_STEP][PASSED] - verifyElementPresent: Object 'Object Repository/00_Page_ABB BenGen Authentication/ABB_logo' is present

2017-12-05 18:27:07 - [MESSAGE][WARNING] - Timeout '0' is invalid. Using default page load timeout: '30'

2017-12-05 18:27:07 - [MESSAGE][PASSED] - Object 'Object Repository/00_Page_ABB BenGen Authentication/ABB_logo' is present

2017-12-05 18:27:07 - [TEST_STEP][PASSED] - verifyElementPresent: Object 'Object Repository/00_Page_ABB BenGen Authentication/input_pass' is present

2017-12-05 18:27:07 - [MESSAGE][WARNING] - Timeout '0' is invalid. Using default page load timeout: '30'

2017-12-05 18:27:07 - [MESSAGE][PASSED] - Object 'Object Repository/00_Page_ABB BenGen Authentication/input_pass' is present

2017-12-05 18:27:07 - [TEST_STEP][PASSED] - verifyElementPresent: Object 'Object Repository/00_Page_ABB BenGen Authentication/input_user' is present

2017-12-05 18:27:07 - [MESSAGE][WARNING] - Timeout '0' is invalid. Using default page load timeout: '30'

2017-12-05 18:27:07 - [MESSAGE][PASSED] - Object 'Object Repository/00_Page_ABB BenGen Authentication/input_user' is present

2017-12-05 18:27:07 - [TEST_STEP][PASSED] - verifyElementPresent: Object 'Object Repository/00_Page_ABB BenGen Authentication/button_Login' is present

2017-12-05 18:27:07 - [MESSAGE][WARNING] - Timeout '0' is invalid. Using default page load timeout: '30'

2017-12-05 18:27:07 - [MESSAGE][PASSED] - Object 'Object Repository/00_Page_ABB BenGen Authentication/button_Login' is present

2017-12-05 18:27:07 - [MESSAGE][PASSED] - Call Test Case 'Test Cases/utilities/TC_0b_apertura pagina di login - ReUse' successfully

2017-12-05 18:27:07 - [TEST_STEP][PASSED] - setText: Text 'admin@admin.it' is set on object 'Object Repository/00_Page_ABB BenGen Authentication/input_user'

2017-12-05 18:27:08 - [MESSAGE][PASSED] - Text 'admin@admin.it' is set on object 'Object Repository/00_Page_ABB BenGen Authentication/input_user'

2017-12-05 18:27:08 - [TEST_STEP][PASSED] - setText: Text 'admin' is set on object 'Object Repository/00_Page_ABB BenGen Authentication/input_pass'

2017-12-05 18:27:08 - [MESSAGE][PASSED] - Text 'admin' is set on object 'Object Repository/00_Page_ABB BenGen Authentication/input_pass'

2017-12-05 18:27:08 - [TEST_STEP][PASSED] - click: Object: 'Object Repository/00_Page_ABB BenGen Authentication/button_Login' is clicked on

2017-12-05 18:27:08 - [MESSAGE][PASSED] - Object: 'Object Repository/00_Page_ABB BenGen Authentication/button_Login' is clicked on

2017-12-05 18:27:08 - [TEST_STEP][PASSED] - waitForElementPresent: Object 'Object Repository/00_Page_Aurora Vision BenGen/a_Aurora Vision Backoffice' is present

2017-12-05 18:27:11 - [MESSAGE][PASSED] - Object 'Object Repository/00_Page_Aurora Vision BenGen/a_Aurora Vision Backoffice' is present

2017-12-05 18:27:11 - [TEST_STEP][PASSED] - Statement - selfWindowTitle = com.kms.katalon.core.webui.keyword.WebUiBuiltInKeywords.getWindowTitle(): Current window's title is: 'Aurora Vision BenGen'

2017-12-05 18:27:11 - [MESSAGE][PASSED] - Current window's title is: 'Aurora Vision BenGen'

2017-12-05 18:27:12 - [TEST_STEP][PASSED] - verifyEqual: Actual object 'Aurora Vision BenGen' and expected object 'Aurora Vision BenGen' are equal

2017-12-05 18:27:12 - [MESSAGE][PASSED] - Actual object 'Aurora Vision BenGen' and expected object 'Aurora Vision BenGen' are equal

2017-12-05 18:27:12 - [MESSAGE][PASSED] - Call Test Case 'Test Cases/utilities/TC_0c-Login Corretto - ReUse' successfully

2017-12-05 18:27:12 - [TEST_STEP][PASSED] - Statement - viewPort = com.kms.katalon.core.webui.keyword.WebUiBuiltInKeywords.getViewportWidth(): Viewport width is 1366

2017-12-05 18:27:12 - [MESSAGE][PASSED] - Viewport width is 1366

2017-12-05 18:27:12 - [TEST_STEP][PASSED] - Statement - If (viewPort < 1400): Object: 'Object Repository/00_Page_MenuCheck/MenuResponsiveArrow' is clicked on

2017-12-05 18:27:12 - [TEST_STEP][PASSED] - click: Object: 'Object Repository/00_Page_MenuCheck/MenuResponsiveArrow' is clicked on

2017-12-05 18:27:12 - [MESSAGE][PASSED] - Object: 'Object Repository/00_Page_MenuCheck/MenuResponsiveArrow' is clicked on

2017-12-05 18:27:12 - [TEST_STEP][PASSED] - focus: Object: 'Object Repository/00_Page_MenuCheck/NavArrows/ProdLinesArrow_opn' is focused

2017-12-05 18:27:12 - [MESSAGE][PASSED] - Object: 'Object Repository/00_Page_MenuCheck/NavArrows/ProdLinesArrow_opn' is focused

2017-12-05 18:27:12 - [TEST_STEP][PASSED] - click: Object: 'Object Repository/00_Page_MenuCheck/NavArrows/ProdLinesArrow_opn' is clicked on

2017-12-05 18:27:12 - [MESSAGE][PASSED] - Object: 'Object Repository/00_Page_MenuCheck/NavArrows/ProdLinesArrow_opn' is clicked on

2017-12-05 18:27:12 - [TEST_STEP][PASSED] - focus: Object: 'Object Repository/00_Page_MenuCheck/NavArrows/Bootloaders_cls' is focused

2017-12-05 18:27:13 - [MESSAGE][PASSED] - Object: 'Object Repository/00_Page_MenuCheck/NavArrows/Bootloaders_cls' is focused

2017-12-05 18:27:13 - [TEST_STEP][PASSED] - click: Object: 'Object Repository/00_Page_MenuCheck/NavArrows/Bootloaders_cls' is clicked on

2017-12-05 18:27:13 - [MESSAGE][PASSED] - Object: 'Object Repository/00_Page_MenuCheck/NavArrows/Bootloaders_cls' is clicked on

2017-12-05 18:27:13 - [TEST_STEP][PASSED] - focus: Object: 'Object Repository/00_Page_MenuCheck/VociMenu/12a_Bootloaders_list' is focused

2017-12-05 18:27:13 - [MESSAGE][PASSED] - Object: 'Object Repository/00_Page_MenuCheck/VociMenu/12a_Bootloaders_list' is focused

2017-12-05 18:27:13 - [TEST_STEP][PASSED] - click: Object: 'Object Repository/00_Page_MenuCheck/VociMenu/12a_Bootloaders_list' is clicked on

2017-12-05 18:27:13 - [MESSAGE][PASSED] - Object: 'Object Repository/00_Page_MenuCheck/VociMenu/12a_Bootloaders_list' is clicked on

2017-12-05 18:27:13 - [TEST_STEP][PASSED] - verifyElementPresent: Object 'Object Repository/10_Page_Bootloaders/10a_Page_Bootloaders_List/Intestazioni/01_BootloadersList_title' is present

2017-12-05 18:27:13 - [MESSAGE][PASSED] - Object 'Object Repository/10_Page_Bootloaders/10a_Page_Bootloaders_List/Intestazioni/01_BootloadersList_title' is present

2017-12-05 18:27:13 - [TEST_STEP][PASSED] - verifyElementPresent: Object 'Object Repository/10_Page_Bootloaders/10a_Page_Bootloaders_List/Intestazioni/02_ID' is present

2017-12-05 18:27:13 - [MESSAGE][PASSED] - Object 'Object Repository/10_Page_Bootloaders/10a_Page_Bootloaders_List/Intestazioni/02_ID' is present

2017-12-05 18:27:13 - [TEST_STEP][PASSED] - verifyElementPresent: Object 'Object Repository/10_Page_Bootloaders/10a_Page_Bootloaders_List/Intestazioni/03_FamilyName_select' is present

2017-12-05 18:27:13 - [MESSAGE][PASSED] - Object 'Object Repository/10_Page_Bootloaders/10a_Page_Bootloaders_List/Intestazioni/03_FamilyName_select' is present

2017-12-05 18:27:13 - [TEST_STEP][PASSED] - verifyElementPresent: Object 'Object Repository/10_Page_Bootloaders/10a_Page_Bootloaders_List/Intestazioni/04_Models_select' is present

2017-12-05 18:27:13 - [MESSAGE][PASSED] - Object 'Object Repository/10_Page_Bootloaders/10a_Page_Bootloaders_List/Intestazioni/04_Models_select' is present

2017-12-05 18:27:13 - [TEST_STEP][PASSED] - verifyElementPresent: Object 'Object Repository/10_Page_Bootloaders/10a_Page_Bootloaders_List/Intestazioni/06_Name' is present

2017-12-05 18:27:14 - [MESSAGE][PASSED] - Object 'Object Repository/10_Page_Bootloaders/10a_Page_Bootloaders_List/Intestazioni/06_Name' is present

2017-12-05 18:27:14 - [TEST_STEP][PASSED] - verifyElementPresent: Object 'Object Repository/08_Page_LogicalDevices/Intestazioni/06_SupportsMonolithic' is present

2017-12-05 18:27:14 - [MESSAGE][PASSED] - Object 'Object Repository/08_Page_LogicalDevices/Intestazioni/06_SupportsMonolithic' is present

2017-12-05 18:27:14 - [TEST_STEP][PASSED] - verifyElementPresent: Object 'Object Repository/10_Page_Bootloaders/10a_Page_Bootloaders_List/Intestazioni/07_Created at' is present

2017-12-05 18:27:14 - [MESSAGE][PASSED] - Object 'Object Repository/10_Page_Bootloaders/10a_Page_Bootloaders_List/Intestazioni/07_Created at' is present

2017-12-05 18:27:14 - [TEST_STEP][PASSED] - verifyElementPresent: Object 'Object Repository/10_Page_Bootloaders/10a_Page_Bootloaders_List/Intestazioni/08_MD5 SUM' is present

2017-12-05 18:27:14 - [MESSAGE][PASSED] - Object 'Object Repository/10_Page_Bootloaders/10a_Page_Bootloaders_List/Intestazioni/08_MD5 SUM' is present

2017-12-05 18:27:14 - [TEST_STEP][PASSED] - verifyElementPresent: Object 'Object Repository/10_Page_Bootloaders/10a_Page_Bootloaders_List/Intestazioni/09_Active' is present

2017-12-05 18:27:14 - [MESSAGE][PASSED] - Object 'Object Repository/10_Page_Bootloaders/10a_Page_Bootloaders_List/Intestazioni/09_Active' is present

2017-12-05 18:27:14 - [TEST_STEP][PASSED] - comment: Verifica dei valori con Test Data

2017-12-05 18:27:14 - [TEST_STEP][PASSED] - verifyElementText: Actual text and expected text of test object 'Object Repository/10_Page_Bootloaders/10a_Page_Bootloaders_List/Intestazioni/01_BootloadersList_title' are matched.

2017-12-05 18:27:15 - [MESSAGE][PASSED] - Actual text and expected text of test object 'Object Repository/10_Page_Bootloaders/10a_Page_Bootloaders_List/Intestazioni/01_BootloadersList_title' are matched.

2017-12-05 18:27:15 - [TEST_STEP][PASSED] - verifyElementText: Actual text and expected text of test object 'Object Repository/10_Page_Bootloaders/10a_Page_Bootloaders_List/Intestazioni/02_ID' are matched.

2017-12-05 18:27:15 - [MESSAGE][PASSED] - Actual text and expected text of test object 'Object Repository/10_Page_Bootloaders/10a_Page_Bootloaders_List/Intestazioni/02_ID' are matched.

2017-12-05 18:27:15 - [TEST_STEP][PASSED] - verifyElementText: Actual text and expected text of test object 'Object Repository/10_Page_Bootloaders/10a_Page_Bootloaders_List/Intestazioni/03_FamilyName_select' are matched.

2017-12-05 18:27:16 - [MESSAGE][PASSED] - Actual text and expected text of test object 'Object Repository/10_Page_Bootloaders/10a_Page_Bootloaders_List/Intestazioni/03_FamilyName_select' are matched.

2017-12-05 18:27:16 - [TEST_STEP][PASSED] - verifyElementText: Actual text and expected text of test object 'Object Repository/10_Page_Bootloaders/10a_Page_Bootloaders_List/Intestazioni/04_Models_select' are matched.

2017-12-05 18:27:16 - [MESSAGE][PASSED] - Actual text and expected text of test object 'Object Repository/10_Page_Bootloaders/10a_Page_Bootloaders_List/Intestazioni/04_Models_select' are matched.

2017-12-05 18:27:16 - [TEST_STEP][PASSED] - verifyElementText: Actual text and expected text of test object 'Object Repository/10_Page_Bootloaders/10a_Page_Bootloaders_List/Intestazioni/05_Logical Device' are matched.

2017-12-05 18:27:16 - [MESSAGE][PASSED] - Actual text and expected text of test object 'Object Repository/10_Page_Bootloaders/10a_Page_Bootloaders_List/Intestazioni/05_Logical Device' are matched.

2017-12-05 18:27:16 - [TEST_STEP][PASSED] - verifyElementText: Actual text and expected text of test object 'Object Repository/10_Page_Bootloaders/10a_Page_Bootloaders_List/Intestazioni/06_Name' are matched.

2017-12-05 18:27:16 - [MESSAGE][PASSED] - Actual text and expected text of test object 'Object Repository/10_Page_Bootloaders/10a_Page_Bootloaders_List/Intestazioni/06_Name' are matched.

2017-12-05 18:27:16 - [TEST_STEP][PASSED] - verifyElementText: Actual text and expected text of test object 'Object Repository/10_Page_Bootloaders/10a_Page_Bootloaders_List/Intestazioni/07_Created at' are matched.

2017-12-05 18:27:16 - [MESSAGE][PASSED] - Actual text and expected text of test object 'Object Repository/10_Page_Bootloaders/10a_Page_Bootloaders_List/Intestazioni/07_Created at' are matched.

2017-12-05 18:27:16 - [TEST_STEP][PASSED] - verifyElementText: Actual text and expected text of test object 'Object Repository/10_Page_Bootloaders/10a_Page_Bootloaders_List/Intestazioni/08_MD5 SUM' are matched.

2017-12-05 18:27:16 - [MESSAGE][PASSED] - Actual text and expected text of test object 'Object Repository/10_Page_Bootloaders/10a_Page_Bootloaders_List/Intestazioni/08_MD5 SUM' are matched.

2017-12-05 18:27:16 - [TEST_STEP][PASSED] - verifyElementText: Actual text and expected text of test object 'Object Repository/10_Page_Bootloaders/10a_Page_Bootloaders_List/Intestazioni/09_Active' are matched.

2017-12-05 18:27:16 - [MESSAGE][PASSED] - Actual text and expected text of test object 'Object Repository/10_Page_Bootloaders/10a_Page_Bootloaders_List/Intestazioni/09_Active' are matched.

2017-12-05 18:27:16 - [TEST_STEP][PASSED] - closeBrowser: Browser is closed

2017-12-05 18:27:17 - [MESSAGE][PASSED] - Browser is closed]]></system-out>
         <system-err><![CDATA[]]></system-err>
      </testcase>
      <testcase name="Test Cases/10_Bootloaders/10b_BootloadersNew/TC_10b1_BootloadersNew - Verifica Intestazioni" classname="Test Cases/10_Bootloaders/10b_BootloadersNew/TC_10b1_BootloadersNew - Verifica Intestazioni" status="FAILED">
         <failure type="FAILED" message="Unable to click on object 'Object Repository/00_Page_MenuCheck/VociMenu/12b_Bootloaders_new' (Root cause: org.openqa.selenium.WebDriverException: unknown error: Element is not clickable at point (266, 629)
  (Session info: chrome=62.0.3202.94)
  (Driver info: chromedriver=2.33.506120 (e3e53437346286c0bc2d2dc9aa4915ba81d9023f),platform=Windows NT 10.0.15063 x86_64) (WARNING: The server did not provide any stacktrace information)
Command duration or timeout: 0 milliseconds
Build info: version: '3.7.1', revision: '8a0099a', time: '2017-11-06T21:07:36.161Z'
System info: host: 'WORKPC', ip: '192.168.56.1', os.name: 'Windows 10', os.arch: 'amd64', os.version: '10.0', java.version: '1.8.0_102'
Driver info: com.kms.katalon.selenium.driver.CChromeDriver
Capabilities {acceptSslCerts: true, applicationCacheEnabled: false, browserConnectionEnabled: false, browserName: chrome, chrome: {chromedriverVersion: 2.33.506120 (e3e53437346286..., userDataDir: C:\Users\WorkPC\AppData\Loc...}, cssSelectorsEnabled: true, databaseEnabled: false, handlesAlerts: true, hasTouchScreen: false, javascriptEnabled: true, locationContextEnabled: true, mobileEmulationEnabled: false, nativeEvents: true, networkConnectionEnabled: false, pageLoadStrategy: normal, platform: XP, platformName: XP, rotatable: false, setWindowRect: true, takesHeapSnapshot: true, takesScreenshot: true, unexpectedAlertBehaviour: , unhandledPromptBehavior: , version: 62.0.3202.94, webStorageEnabled: true}
Session ID: 6db3e04abe538e50bc63693e8188f094)"/>
         <system-out><![CDATA[2017-12-05 18:27:17 - [TEST_CASE][FAILED] - Test Cases/10_Bootloaders/10b_BootloadersNew/TC_10b1_BootloadersNew - Verifica Intestazioni: Test Cases/10_Bootloaders/10b_BootloadersNew/TC_10b1_BootloadersNew - Verifica Intestazioni FAILED because (of) Unable to click on object 'Object Repository/00_Page_MenuCheck/VociMenu/12b_Bootloaders_new' (Root cause: org.openqa.selenium.WebDriverException: unknown error: Element is not clickable at point (266, 629)
  (Session info: chrome=62.0.3202.94)
  (Driver info: chromedriver=2.33.506120 (e3e53437346286c0bc2d2dc9aa4915ba81d9023f),platform=Windows NT 10.0.15063 x86_64) (WARNING: The server did not provide any stacktrace information)
Command duration or timeout: 0 milliseconds
Build info: version: '3.7.1', revision: '8a0099a', time: '2017-11-06T21:07:36.161Z'
System info: host: 'WORKPC', ip: '192.168.56.1', os.name: 'Windows 10', os.arch: 'amd64', os.version: '10.0', java.version: '1.8.0_102'
Driver info: com.kms.katalon.selenium.driver.CChromeDriver
Capabilities {acceptSslCerts: true, applicationCacheEnabled: false, browserConnectionEnabled: false, browserName: chrome, chrome: {chromedriverVersion: 2.33.506120 (e3e53437346286..., userDataDir: C:\Users\WorkPC\AppData\Loc...}, cssSelectorsEnabled: true, databaseEnabled: false, handlesAlerts: true, hasTouchScreen: false, javascriptEnabled: true, locationContextEnabled: true, mobileEmulationEnabled: false, nativeEvents: true, networkConnectionEnabled: false, pageLoadStrategy: normal, platform: XP, platformName: XP, rotatable: false, setWindowRect: true, takesHeapSnapshot: true, takesScreenshot: true, unexpectedAlertBehaviour: , unhandledPromptBehavior: , version: 62.0.3202.94, webStorageEnabled: true}
Session ID: 6db3e04abe538e50bc63693e8188f094)

2017-12-05 18:27:17 - [TEST_STEP][PASSED] - callTestCase: Call Test Case 'Test Cases/utilities/TC_0c-Login Corretto - ReUse' successfully

2017-12-05 18:27:17 - [TEST_CASE][PASSED] - Test Cases/utilities/TC_0c-Login Corretto - ReUse: Test Cases/utilities/TC_0c-Login Corretto - ReUse

2017-12-05 18:27:17 - [TEST_STEP][PASSED] - callTestCase: Call Test Case 'Test Cases/utilities/TC_0b_apertura pagina di login - ReUse' successfully

2017-12-05 18:27:17 - [TEST_CASE][PASSED] - Test Cases/utilities/TC_0b_apertura pagina di login - ReUse: Test Cases/utilities/TC_0b_apertura pagina di login - ReUse

2017-12-05 18:27:17 - [TEST_STEP][PASSED] - openBrowser: Browser is opened with url: ''

2017-12-05 18:27:19 - [MESSAGE][PASSED] - Browser is opened with url: ''

2017-12-05 18:27:19 - [TEST_STEP][PASSED] - maximizeWindow: Current window maximized

2017-12-05 18:27:21 - [MESSAGE][PASSED] - Current window maximized

2017-12-05 18:27:21 - [TEST_STEP][PASSED] - navigateToUrl: Navigate to 'http://bengen' successfully

2017-12-05 18:27:21 - [MESSAGE][PASSED] - Navigate to 'http://bengen' successfully

2017-12-05 18:27:21 - [TEST_STEP][PASSED] - verifyElementPresent: Object 'Object Repository/00_Page_ABB BenGen Authentication/ABB_logo' is present

2017-12-05 18:27:21 - [MESSAGE][WARNING] - Timeout '0' is invalid. Using default page load timeout: '30'

2017-12-05 18:27:21 - [MESSAGE][PASSED] - Object 'Object Repository/00_Page_ABB BenGen Authentication/ABB_logo' is present

2017-12-05 18:27:21 - [TEST_STEP][PASSED] - verifyElementPresent: Object 'Object Repository/00_Page_ABB BenGen Authentication/input_pass' is present

2017-12-05 18:27:22 - [MESSAGE][WARNING] - Timeout '0' is invalid. Using default page load timeout: '30'

2017-12-05 18:27:22 - [MESSAGE][PASSED] - Object 'Object Repository/00_Page_ABB BenGen Authentication/input_pass' is present

2017-12-05 18:27:22 - [TEST_STEP][PASSED] - verifyElementPresent: Object 'Object Repository/00_Page_ABB BenGen Authentication/input_user' is present

2017-12-05 18:27:22 - [MESSAGE][WARNING] - Timeout '0' is invalid. Using default page load timeout: '30'

2017-12-05 18:27:22 - [MESSAGE][PASSED] - Object 'Object Repository/00_Page_ABB BenGen Authentication/input_user' is present

2017-12-05 18:27:22 - [TEST_STEP][PASSED] - verifyElementPresent: Object 'Object Repository/00_Page_ABB BenGen Authentication/button_Login' is present

2017-12-05 18:27:22 - [MESSAGE][WARNING] - Timeout '0' is invalid. Using default page load timeout: '30'

2017-12-05 18:27:22 - [MESSAGE][PASSED] - Object 'Object Repository/00_Page_ABB BenGen Authentication/button_Login' is present

2017-12-05 18:27:22 - [MESSAGE][PASSED] - Call Test Case 'Test Cases/utilities/TC_0b_apertura pagina di login - ReUse' successfully

2017-12-05 18:27:22 - [TEST_STEP][PASSED] - setText: Text 'admin@admin.it' is set on object 'Object Repository/00_Page_ABB BenGen Authentication/input_user'

2017-12-05 18:27:22 - [MESSAGE][PASSED] - Text 'admin@admin.it' is set on object 'Object Repository/00_Page_ABB BenGen Authentication/input_user'

2017-12-05 18:27:22 - [TEST_STEP][PASSED] - setText: Text 'admin' is set on object 'Object Repository/00_Page_ABB BenGen Authentication/input_pass'

2017-12-05 18:27:22 - [MESSAGE][PASSED] - Text 'admin' is set on object 'Object Repository/00_Page_ABB BenGen Authentication/input_pass'

2017-12-05 18:27:22 - [TEST_STEP][PASSED] - click: Object: 'Object Repository/00_Page_ABB BenGen Authentication/button_Login' is clicked on

2017-12-05 18:27:23 - [MESSAGE][PASSED] - Object: 'Object Repository/00_Page_ABB BenGen Authentication/button_Login' is clicked on

2017-12-05 18:27:23 - [TEST_STEP][PASSED] - waitForElementPresent: Object 'Object Repository/00_Page_Aurora Vision BenGen/a_Aurora Vision Backoffice' is present

2017-12-05 18:27:26 - [MESSAGE][PASSED] - Object 'Object Repository/00_Page_Aurora Vision BenGen/a_Aurora Vision Backoffice' is present

2017-12-05 18:27:26 - [TEST_STEP][PASSED] - Statement - selfWindowTitle = com.kms.katalon.core.webui.keyword.WebUiBuiltInKeywords.getWindowTitle(): Current window's title is: 'Aurora Vision BenGen'

2017-12-05 18:27:26 - [MESSAGE][PASSED] - Current window's title is: 'Aurora Vision BenGen'

2017-12-05 18:27:26 - [TEST_STEP][PASSED] - verifyEqual: Actual object 'Aurora Vision BenGen' and expected object 'Aurora Vision BenGen' are equal

2017-12-05 18:27:26 - [MESSAGE][PASSED] - Actual object 'Aurora Vision BenGen' and expected object 'Aurora Vision BenGen' are equal

2017-12-05 18:27:26 - [MESSAGE][PASSED] - Call Test Case 'Test Cases/utilities/TC_0c-Login Corretto - ReUse' successfully

2017-12-05 18:27:26 - [TEST_STEP][PASSED] - Statement - viewPort = com.kms.katalon.core.webui.keyword.WebUiBuiltInKeywords.getViewportWidth(): Viewport width is 1366

2017-12-05 18:27:26 - [MESSAGE][PASSED] - Viewport width is 1366

2017-12-05 18:27:26 - [TEST_STEP][PASSED] - Statement - If (viewPort < 1400): Object: 'Object Repository/00_Page_MenuCheck/MenuResponsiveArrow' is clicked on

2017-12-05 18:27:26 - [TEST_STEP][PASSED] - click: Object: 'Object Repository/00_Page_MenuCheck/MenuResponsiveArrow' is clicked on

2017-12-05 18:27:26 - [MESSAGE][PASSED] - Object: 'Object Repository/00_Page_MenuCheck/MenuResponsiveArrow' is clicked on

2017-12-05 18:27:26 - [TEST_STEP][PASSED] - focus: Object: 'Object Repository/00_Page_MenuCheck/NavArrows/ProdLinesArrow_opn' is focused

2017-12-05 18:27:26 - [MESSAGE][PASSED] - Object: 'Object Repository/00_Page_MenuCheck/NavArrows/ProdLinesArrow_opn' is focused

2017-12-05 18:27:26 - [TEST_STEP][PASSED] - click: Object: 'Object Repository/00_Page_MenuCheck/NavArrows/ProdLinesArrow_opn' is clicked on

2017-12-05 18:27:26 - [MESSAGE][PASSED] - Object: 'Object Repository/00_Page_MenuCheck/NavArrows/ProdLinesArrow_opn' is clicked on

2017-12-05 18:27:26 - [TEST_STEP][PASSED] - focus: Object: 'Object Repository/00_Page_MenuCheck/NavArrows/Bootloaders_cls' is focused

2017-12-05 18:27:26 - [MESSAGE][PASSED] - Object: 'Object Repository/00_Page_MenuCheck/NavArrows/Bootloaders_cls' is focused

2017-12-05 18:27:26 - [TEST_STEP][PASSED] - click: Object: 'Object Repository/00_Page_MenuCheck/NavArrows/Bootloaders_cls' is clicked on

2017-12-05 18:27:26 - [MESSAGE][PASSED] - Object: 'Object Repository/00_Page_MenuCheck/NavArrows/Bootloaders_cls' is clicked on

2017-12-05 18:27:26 - [TEST_STEP][PASSED] - focus: Object: 'Object Repository/00_Page_MenuCheck/VociMenu/12b_Bootloaders_new' is focused

2017-12-05 18:27:26 - [MESSAGE][PASSED] - Object: 'Object Repository/00_Page_MenuCheck/VociMenu/12b_Bootloaders_new' is focused

2017-12-05 18:27:26 - [TEST_STEP][FAILED] - click: Unable to click on object 'Object Repository/00_Page_MenuCheck/VociMenu/12b_Bootloaders_new' (Root cause: org.openqa.selenium.WebDriverException: unknown error: Element is not clickable at point (266, 629)
  (Session info: chrome=62.0.3202.94)
  (Driver info: chromedriver=2.33.506120 (e3e53437346286c0bc2d2dc9aa4915ba81d9023f),platform=Windows NT 10.0.15063 x86_64) (WARNING: The server did not provide any stacktrace information)
Command duration or timeout: 0 milliseconds
Build info: version: '3.7.1', revision: '8a0099a', time: '2017-11-06T21:07:36.161Z'
System info: host: 'WORKPC', ip: '192.168.56.1', os.name: 'Windows 10', os.arch: 'amd64', os.version: '10.0', java.version: '1.8.0_102'
Driver info: com.kms.katalon.selenium.driver.CChromeDriver
Capabilities {acceptSslCerts: true, applicationCacheEnabled: false, browserConnectionEnabled: false, browserName: chrome, chrome: {chromedriverVersion: 2.33.506120 (e3e53437346286..., userDataDir: C:\Users\WorkPC\AppData\Loc...}, cssSelectorsEnabled: true, databaseEnabled: false, handlesAlerts: true, hasTouchScreen: false, javascriptEnabled: true, locationContextEnabled: true, mobileEmulationEnabled: false, nativeEvents: true, networkConnectionEnabled: false, pageLoadStrategy: normal, platform: XP, platformName: XP, rotatable: false, setWindowRect: true, takesHeapSnapshot: true, takesScreenshot: true, unexpectedAlertBehaviour: , unhandledPromptBehavior: , version: 62.0.3202.94, webStorageEnabled: true}
Session ID: 6db3e04abe538e50bc63693e8188f094)

2017-12-05 18:27:27 - [MESSAGE][FAILED] - Unable to click on object 'Object Repository/00_Page_MenuCheck/VociMenu/12b_Bootloaders_new' (Root cause: org.openqa.selenium.WebDriverException: unknown error: Element is not clickable at point (266, 629)
  (Session info: chrome=62.0.3202.94)
  (Driver info: chromedriver=2.33.506120 (e3e53437346286c0bc2d2dc9aa4915ba81d9023f),platform=Windows NT 10.0.15063 x86_64) (WARNING: The server did not provide any stacktrace information)
Command duration or timeout: 0 milliseconds
Build info: version: '3.7.1', revision: '8a0099a', time: '2017-11-06T21:07:36.161Z'
System info: host: 'WORKPC', ip: '192.168.56.1', os.name: 'Windows 10', os.arch: 'amd64', os.version: '10.0', java.version: '1.8.0_102'
Driver info: com.kms.katalon.selenium.driver.CChromeDriver
Capabilities {acceptSslCerts: true, applicationCacheEnabled: false, browserConnectionEnabled: false, browserName: chrome, chrome: {chromedriverVersion: 2.33.506120 (e3e53437346286..., userDataDir: C:\Users\WorkPC\AppData\Loc...}, cssSelectorsEnabled: true, databaseEnabled: false, handlesAlerts: true, hasTouchScreen: false, javascriptEnabled: true, locationContextEnabled: true, mobileEmulationEnabled: false, nativeEvents: true, networkConnectionEnabled: false, pageLoadStrategy: normal, platform: XP, platformName: XP, rotatable: false, setWindowRect: true, takesHeapSnapshot: true, takesScreenshot: true, unexpectedAlertBehaviour: , unhandledPromptBehavior: , version: 62.0.3202.94, webStorageEnabled: true}
Session ID: 6db3e04abe538e50bc63693e8188f094)
[[ATTACHMENT|D:\\ABB\\ABB_KatTest1\\ABB_Test_Test\\Reports\\TS_Units\\TS_10_Bootloaders\\20171205_182106\\1512494847152.png]]]]></system-out>
         <system-err><![CDATA[2017-12-05 18:27:17 - [TEST_CASE][FAILED] - Test Cases/10_Bootloaders/10b_BootloadersNew/TC_10b1_BootloadersNew - Verifica Intestazioni: Test Cases/10_Bootloaders/10b_BootloadersNew/TC_10b1_BootloadersNew - Verifica Intestazioni FAILED because (of) Unable to click on object 'Object Repository/00_Page_MenuCheck/VociMenu/12b_Bootloaders_new' (Root cause: org.openqa.selenium.WebDriverException: unknown error: Element is not clickable at point (266, 629)
  (Session info: chrome=62.0.3202.94)
  (Driver info: chromedriver=2.33.506120 (e3e53437346286c0bc2d2dc9aa4915ba81d9023f),platform=Windows NT 10.0.15063 x86_64) (WARNING: The server did not provide any stacktrace information)
Command duration or timeout: 0 milliseconds
Build info: version: '3.7.1', revision: '8a0099a', time: '2017-11-06T21:07:36.161Z'
System info: host: 'WORKPC', ip: '192.168.56.1', os.name: 'Windows 10', os.arch: 'amd64', os.version: '10.0', java.version: '1.8.0_102'
Driver info: com.kms.katalon.selenium.driver.CChromeDriver
Capabilities {acceptSslCerts: true, applicationCacheEnabled: false, browserConnectionEnabled: false, browserName: chrome, chrome: {chromedriverVersion: 2.33.506120 (e3e53437346286..., userDataDir: C:\Users\WorkPC\AppData\Loc...}, cssSelectorsEnabled: true, databaseEnabled: false, handlesAlerts: true, hasTouchScreen: false, javascriptEnabled: true, locationContextEnabled: true, mobileEmulationEnabled: false, nativeEvents: true, networkConnectionEnabled: false, pageLoadStrategy: normal, platform: XP, platformName: XP, rotatable: false, setWindowRect: true, takesHeapSnapshot: true, takesScreenshot: true, unexpectedAlertBehaviour: , unhandledPromptBehavior: , version: 62.0.3202.94, webStorageEnabled: true}
Session ID: 6db3e04abe538e50bc63693e8188f094)]]></system-err>
      </testcase>
      <system-out><![CDATA[2017-12-05 18:26:59 - [TEST_SUITE][FAILED] - TS_10_Bootloaders: Test Cases/10_Bootloaders/10b_BootloadersNew/TC_10b1_BootloadersNew - Verifica Intestazioni FAILED because (of) Unable to click on object 'Object Repository/00_Page_MenuCheck/VociMenu/12b_Bootloaders_new' (Root cause: org.openqa.selenium.WebDriverException: unknown error: Element is not clickable at point (266, 629)
  (Session info: chrome=62.0.3202.94)
  (Driver info: chromedriver=2.33.506120 (e3e53437346286c0bc2d2dc9aa4915ba81d9023f),platform=Windows NT 10.0.15063 x86_64) (WARNING: The server did not provide any stacktrace information)
Command duration or timeout: 0 milliseconds
Build info: version: '3.7.1', revision: '8a0099a', time: '2017-11-06T21:07:36.161Z'
System info: host: 'WORKPC', ip: '192.168.56.1', os.name: 'Windows 10', os.arch: 'amd64', os.version: '10.0', java.version: '1.8.0_102'
Driver info: com.kms.katalon.selenium.driver.CChromeDriver
Capabilities {acceptSslCerts: true, applicationCacheEnabled: false, browserConnectionEnabled: false, browserName: chrome, chrome: {chromedriverVersion: 2.33.506120 (e3e53437346286..., userDataDir: C:\Users\WorkPC\AppData\Loc...}, cssSelectorsEnabled: true, databaseEnabled: false, handlesAlerts: true, hasTouchScreen: false, javascriptEnabled: true, locationContextEnabled: true, mobileEmulationEnabled: false, nativeEvents: true, networkConnectionEnabled: false, pageLoadStrategy: normal, platform: XP, platformName: XP, rotatable: false, setWindowRect: true, takesHeapSnapshot: true, takesScreenshot: true, unexpectedAlertBehaviour: , unhandledPromptBehavior: , version: 62.0.3202.94, webStorageEnabled: true}
Session ID: 6db3e04abe538e50bc63693e8188f094)]]></system-out>
      <system-err><![CDATA[2017-12-05 18:26:59 - [TEST_SUITE][FAILED] - TS_10_Bootloaders: Test Cases/10_Bootloaders/10b_BootloadersNew/TC_10b1_BootloadersNew - Verifica Intestazioni FAILED because (of) Unable to click on object 'Object Repository/00_Page_MenuCheck/VociMenu/12b_Bootloaders_new' (Root cause: org.openqa.selenium.WebDriverException: unknown error: Element is not clickable at point (266, 629)
  (Session info: chrome=62.0.3202.94)
  (Driver info: chromedriver=2.33.506120 (e3e53437346286c0bc2d2dc9aa4915ba81d9023f),platform=Windows NT 10.0.15063 x86_64) (WARNING: The server did not provide any stacktrace information)
Command duration or timeout: 0 milliseconds
Build info: version: '3.7.1', revision: '8a0099a', time: '2017-11-06T21:07:36.161Z'
System info: host: 'WORKPC', ip: '192.168.56.1', os.name: 'Windows 10', os.arch: 'amd64', os.version: '10.0', java.version: '1.8.0_102'
Driver info: com.kms.katalon.selenium.driver.CChromeDriver
Capabilities {acceptSslCerts: true, applicationCacheEnabled: false, browserConnectionEnabled: false, browserName: chrome, chrome: {chromedriverVersion: 2.33.506120 (e3e53437346286..., userDataDir: C:\Users\WorkPC\AppData\Loc...}, cssSelectorsEnabled: true, databaseEnabled: false, handlesAlerts: true, hasTouchScreen: false, javascriptEnabled: true, locationContextEnabled: true, mobileEmulationEnabled: false, nativeEvents: true, networkConnectionEnabled: false, pageLoadStrategy: normal, platform: XP, platformName: XP, rotatable: false, setWindowRect: true, takesHeapSnapshot: true, takesScreenshot: true, unexpectedAlertBehaviour: , unhandledPromptBehavior: , version: 62.0.3202.94, webStorageEnabled: true}
Session ID: 6db3e04abe538e50bc63693e8188f094)]]></system-err>
   </testsuite>
</testsuites>
